0 verbose cli /usr/local/bin/node /usr/local/bin/npm
1 info using npm@8.19.2
2 info using node@v16.18.0
3 timing npm:load:whichnode Completed in 0ms
4 timing config:load:defaults Completed in 1ms
5 timing config:load:file:/usr/local/lib/node_modules/npm/npmrc Completed in 2ms
6 timing config:load:builtin Completed in 2ms
7 timing config:load:cli Completed in 2ms
8 timing config:load:env Completed in 0ms
9 timing config:load:project Completed in 10ms
10 timing config:load:file:/github/workspace/.npmrc Completed in 0ms
11 timing config:load:user Completed in 0ms
12 timing config:load:file:/usr/local/etc/npmrc Completed in 0ms
13 timing config:load:global Completed in 0ms
14 timing config:load:validate Completed in 1ms
15 timing config:load:credentials Completed in 6ms
16 timing config:load:setEnvs Completed in 1ms
17 timing config:load Completed in 24ms
18 timing npm:load:configload Completed in 25ms
19 timing npm:load:mkdirpcache Completed in 1ms
20 timing npm:load:mkdirplogs Completed in 1ms
21 verbose title npm i wrangler
22 verbose argv "i" "--global" "wrangler"
23 timing npm:load:setTitle Completed in 1ms
24 timing config:load:flatten Completed in 3ms
25 timing npm:load:display Completed in 3ms
26 verbose logfile logs-max:10 dir:/github/workspace/.npm/_logs
27 verbose logfile /github/workspace/.npm/_logs/2022-11-16T09_18_40_895Z-debug-0.log
28 timing npm:load:logFile Completed in 5ms
29 timing npm:load:timers Completed in 0ms
30 timing npm:load:configScope Completed in 0ms
31 timing npm:load Completed in 36ms
32 timing arborist:ctor Completed in 1ms
33 silly logfile done cleaning log files
34 timing idealTree:init Completed in 5ms
35 timing idealTree:userRequests Completed in 6ms
36 silly idealTree buildDeps
37 silly fetch manifest wrangler@*
38 http fetch GET 200 https://registry.npmjs.org/wrangler 565ms (cache miss)
39 silly placeDep ROOT wrangler@2.3.0 OK for:  want: *
40 silly fetch manifest @cloudflare/kv-asset-handler@^0.2.0
41 silly fetch manifest @esbuild-plugins/node-globals-polyfill@^0.1.1
42 silly fetch manifest @esbuild-plugins/node-modules-polyfill@^0.1.4
43 silly fetch manifest @miniflare/core@2.10.0
44 silly fetch manifest @miniflare/d1@2.10.0
45 silly fetch manifest @miniflare/durable-objects@2.10.0
46 silly fetch manifest blake3-wasm@^2.1.5
47 silly fetch manifest chokidar@^3.5.3
48 silly fetch manifest esbuild@0.14.51
49 silly fetch manifest miniflare@2.10.0
50 silly fetch manifest nanoid@^3.3.3
51 silly fetch manifest path-to-regexp@^6.2.0
52 silly fetch manifest selfsigned@^2.0.1
53 silly fetch manifest source-map@^0.7.4
54 silly fetch manifest xxhash-wasm@^1.0.1
55 silly fetch manifest fsevents@~2.3.2
56 http fetch GET 200 https://registry.npmjs.org/blake3-wasm 115ms (cache miss)
57 http fetch GET 200 https://registry.npmjs.org/xxhash-wasm 113ms (cache miss)
58 http fetch GET 200 https://registry.npmjs.org/selfsigned 117ms (cache miss)
59 http fetch GET 200 https://registry.npmjs.org/fsevents 118ms (cache miss)
60 http fetch GET 200 https://registry.npmjs.org/source-map 121ms (cache miss)
61 http fetch GET 200 https://registry.npmjs.org/path-to-regexp 128ms (cache miss)
62 http fetch GET 200 https://registry.npmjs.org/miniflare 132ms (cache miss)
63 http fetch GET 200 https://registry.npmjs.org/nanoid 135ms (cache miss)
64 http fetch GET 200 https://registry.npmjs.org/chokidar 143ms (cache miss)
65 http fetch GET 200 https://registry.npmjs.org/esbuild 151ms (cache miss)
66 http fetch GET 200 https://registry.npmjs.org/@miniflare%2fdurable-objects 156ms (cache miss)
67 http fetch GET 200 https://registry.npmjs.org/@miniflare%2fcore 160ms (cache miss)
68 http fetch GET 200 https://registry.npmjs.org/@esbuild-plugins%2fnode-globals-polyfill 172ms (cache miss)
69 http fetch GET 200 https://registry.npmjs.org/@miniflare%2fd1 206ms (cache miss)
70 http fetch GET 200 https://registry.npmjs.org/@esbuild-plugins%2fnode-modules-polyfill 313ms (cache miss)
71 http fetch GET 200 https://registry.npmjs.org/@cloudflare%2fkv-asset-handler 696ms (cache miss)
72 timing idealTree:#root Completed in 1300ms
73 silly fetch manifest @miniflare/storage-redis@2.10.0
74 http fetch GET 200 https://registry.npmjs.org/@miniflare%2fstorage-redis 131ms (cache miss)
75 silly fetch manifest cron-schedule@^3.0.4
76 http fetch GET 200 https://registry.npmjs.org/cron-schedule 23ms (cache miss)
77 silly fetch manifest ioredis@^4.27.9
78 http fetch GET 200 https://registry.npmjs.org/ioredis 41ms (cache miss)
79 silly placeDep node_modules/wrangler @cloudflare/kv-asset-handler@0.2.0 OK for: wrangler@2.3.0 want: ^0.2.0
80 silly placeDep node_modules/wrangler @esbuild-plugins/node-globals-polyfill@0.1.1 OK for: wrangler@2.3.0 want: ^0.1.1
81 silly placeDep node_modules/wrangler esbuild@0.14.51 OK for: @esbuild-plugins/node-globals-polyfill@0.1.1 want: *
82 silly placeDep node_modules/wrangler @esbuild-plugins/node-modules-polyfill@0.1.4 OK for: wrangler@2.3.0 want: ^0.1.4
83 silly placeDep node_modules/wrangler @miniflare/core@2.10.0 OK for: wrangler@2.3.0 want: 2.10.0
84 silly placeDep node_modules/wrangler @miniflare/d1@2.10.0 OK for: wrangler@2.3.0 want: 2.10.0
85 silly placeDep node_modules/wrangler @miniflare/durable-objects@2.10.0 OK for: wrangler@2.3.0 want: 2.10.0
86 silly placeDep node_modules/wrangler blake3-wasm@2.1.5 OK for: wrangler@2.3.0 want: ^2.1.5
87 silly placeDep node_modules/wrangler chokidar@3.5.3 OK for: wrangler@2.3.0 want: ^3.5.3
88 silly placeDep node_modules/wrangler fsevents@2.3.2 OK for: wrangler@2.3.0 want: ~2.3.2
89 silly placeDep node_modules/wrangler miniflare@2.10.0 OK for: wrangler@2.3.0 want: 2.10.0
90 silly placeDep node_modules/wrangler nanoid@3.3.4 OK for: wrangler@2.3.0 want: ^3.3.3
91 silly placeDep node_modules/wrangler path-to-regexp@6.2.1 OK for: wrangler@2.3.0 want: ^6.2.0
92 silly placeDep node_modules/wrangler selfsigned@2.1.1 OK for: wrangler@2.3.0 want: ^2.0.1
93 silly placeDep node_modules/wrangler source-map@0.7.4 OK for: wrangler@2.3.0 want: ^0.7.4
94 silly placeDep node_modules/wrangler xxhash-wasm@1.0.2 OK for: wrangler@2.3.0 want: ^1.0.1
95 silly fetch manifest mime@^3.0.0
96 silly fetch manifest esbuild-android-64@0.14.51
97 silly fetch manifest esbuild-android-arm64@0.14.51
98 silly fetch manifest esbuild-darwin-64@0.14.51
99 silly fetch manifest esbuild-darwin-arm64@0.14.51
100 silly fetch manifest esbuild-freebsd-64@0.14.51
101 silly fetch manifest esbuild-freebsd-arm64@0.14.51
102 silly fetch manifest esbuild-linux-32@0.14.51
103 silly fetch manifest esbuild-linux-64@0.14.51
104 silly fetch manifest esbuild-linux-arm@0.14.51
105 silly fetch manifest esbuild-linux-arm64@0.14.51
106 silly fetch manifest esbuild-linux-mips64le@0.14.51
107 silly fetch manifest esbuild-linux-ppc64le@0.14.51
108 silly fetch manifest esbuild-linux-riscv64@0.14.51
109 silly fetch manifest esbuild-linux-s390x@0.14.51
110 silly fetch manifest esbuild-netbsd-64@0.14.51
111 silly fetch manifest esbuild-openbsd-64@0.14.51
112 silly fetch manifest esbuild-sunos-64@0.14.51
113 silly fetch manifest esbuild-windows-32@0.14.51
114 silly fetch manifest esbuild-windows-64@0.14.51
115 silly fetch manifest esbuild-windows-arm64@0.14.51
116 silly fetch manifest escape-string-regexp@^4.0.0
117 silly fetch manifest rollup-plugin-node-polyfills@^0.2.1
118 silly fetch manifest @iarna/toml@^2.2.5
119 silly fetch manifest @miniflare/queues@2.10.0
120 silly fetch manifest @miniflare/shared@2.10.0
121 silly fetch manifest @miniflare/watcher@2.10.0
122 silly fetch manifest busboy@^1.6.0
123 silly fetch manifest dotenv@^10.0.0
124 silly fetch manifest kleur@^4.1.4
125 silly fetch manifest set-cookie-parser@^2.4.8
126 silly fetch manifest undici@5.9.1
127 silly fetch manifest urlpattern-polyfill@^4.0.3
128 silly fetch manifest @miniflare/storage-memory@2.10.0
129 silly fetch manifest anymatch@~3.1.2
130 silly fetch manifest braces@~3.0.2
131 silly fetch manifest glob-parent@~5.1.2
132 silly fetch manifest is-binary-path@~2.1.0
133 silly fetch manifest is-glob@~4.0.1
134 silly fetch manifest normalize-path@~3.0.0
135 silly fetch manifest readdirp@~3.6.0
136 silly fetch manifest @miniflare/cache@2.10.0
137 silly fetch manifest @miniflare/cli-parser@2.10.0
138 silly fetch manifest @miniflare/html-rewriter@2.10.0
139 silly fetch manifest @miniflare/http-server@2.10.0
140 silly fetch manifest @miniflare/kv@2.10.0
141 silly fetch manifest @miniflare/r2@2.10.0
142 silly fetch manifest @miniflare/runner-vm@2.10.0
143 silly fetch manifest @miniflare/scheduler@2.10.0
144 silly fetch manifest @miniflare/sites@2.10.0
145 silly fetch manifest @miniflare/storage-file@2.10.0
146 silly fetch manifest @miniflare/web-sockets@2.10.0
147 silly fetch manifest semiver@^1.1.0
148 silly fetch manifest source-map-support@^0.5.20
149 silly fetch manifest node-forge@^1
150 http fetch GET 200 https://registry.npmjs.org/rollup-plugin-node-polyfills 193ms (cache miss)
151 http fetch GET 200 https://registry.npmjs.org/mime 223ms (cache miss)
152 http fetch GET 200 https://registry.npmjs.org/busboy 203ms (cache miss)
153 http fetch GET 200 https://registry.npmjs.org/esbuild-netbsd-64 217ms (cache miss)
154 http fetch GET 200 https://registry.npmjs.org/escape-string-regexp 210ms (cache miss)
155 http fetch GET 200 https://registry.npmjs.org/@miniflare%2fqueues 211ms (cache miss)
156 http fetch GET 200 https://registry.npmjs.org/esbuild-sunos-64 222ms (cache miss)
157 http fetch GET 200 https://registry.npmjs.org/kleur 214ms (cache miss)
158 http fetch GET 200 https://registry.npmjs.org/set-cookie-parser 217ms (cache miss)
159 http fetch GET 200 https://registry.npmjs.org/esbuild-openbsd-64 231ms (cache miss)
160 http fetch GET 200 https://registry.npmjs.org/anymatch 215ms (cache miss)
161 http fetch GET 200 https://registry.npmjs.org/esbuild-windows-arm64 227ms (cache miss)
162 http fetch GET 200 https://registry.npmjs.org/urlpattern-polyfill 220ms (cache miss)
163 http fetch GET 200 https://registry.npmjs.org/@miniflare%2fshared 227ms (cache miss)
164 http fetch GET 200 https://registry.npmjs.org/braces 218ms (cache miss)
165 http fetch GET 200 https://registry.npmjs.org/normalize-path 216ms (cache miss)
166 http fetch GET 200 https://registry.npmjs.org/is-glob 219ms (cache miss)
167 http fetch GET 200 https://registry.npmjs.org/esbuild-linux-32 250ms (cache miss)
168 http fetch GET 200 https://registry.npmjs.org/glob-parent 226ms (cache miss)
169 http fetch GET 200 https://registry.npmjs.org/esbuild-windows-32 247ms (cache miss)
170 http fetch GET 200 https://registry.npmjs.org/undici 240ms (cache miss)
171 http fetch GET 200 https://registry.npmjs.org/esbuild-linux-arm 263ms (cache miss)
172 http fetch GET 200 https://registry.npmjs.org/esbuild-windows-64 259ms (cache miss)
173 http fetch GET 200 https://registry.npmjs.org/esbuild-darwin-arm64 276ms (cache miss)
174 http fetch GET 200 https://registry.npmjs.org/esbuild-linux-riscv64 271ms (cache miss)
175 http fetch GET 200 https://registry.npmjs.org/@miniflare%2frunner-vm 249ms (cache miss)
176 http fetch GET 200 https://registry.npmjs.org/esbuild-android-64 290ms (cache miss)
177 http fetch GET 200 https://registry.npmjs.org/esbuild-linux-mips64le 285ms (cache miss)
178 http fetch GET 200 https://registry.npmjs.org/readdirp 261ms (cache miss)
179 http fetch GET 200 https://registry.npmjs.org/esbuild-freebsd-arm64 291ms (cache miss)
180 http fetch GET 200 https://registry.npmjs.org/dotenv 275ms (cache miss)
181 http fetch GET 200 https://registry.npmjs.org/esbuild-linux-arm64 294ms (cache miss)
182 http fetch GET 200 https://registry.npmjs.org/esbuild-linux-s390x 293ms (cache miss)
183 http fetch GET 200 https://registry.npmjs.org/esbuild-linux-64 298ms (cache miss)
184 http fetch GET 200 https://registry.npmjs.org/@miniflare%2fscheduler 269ms (cache miss)
185 http fetch GET 200 https://registry.npmjs.org/esbuild-freebsd-64 305ms (cache miss)
186 http fetch GET 200 https://registry.npmjs.org/semiver 268ms (cache miss)
187 http fetch GET 200 https://registry.npmjs.org/source-map-support 270ms (cache miss)
188 http fetch GET 200 https://registry.npmjs.org/@iarna%2ftoml 295ms (cache miss)
189 http fetch GET 200 https://registry.npmjs.org/node-forge 271ms (cache miss)
190 http fetch GET 200 https://registry.npmjs.org/esbuild-android-arm64 316ms (cache miss)
191 http fetch GET 200 https://registry.npmjs.org/@miniflare%2fwatcher 300ms (cache miss)
192 http fetch GET 200 https://registry.npmjs.org/esbuild-linux-ppc64le 314ms (cache miss)
193 http fetch GET 200 https://registry.npmjs.org/esbuild-darwin-64 333ms (cache miss)
194 http fetch GET 200 https://registry.npmjs.org/@miniflare%2fcli-parser 305ms (cache miss)
195 http fetch GET 200 https://registry.npmjs.org/@miniflare%2fstorage-file 302ms (cache miss)
196 http fetch GET 200 https://registry.npmjs.org/@miniflare%2fr2 307ms (cache miss)
197 http fetch GET 200 https://registry.npmjs.org/is-binary-path 329ms (cache miss)
198 http fetch GET 200 https://registry.npmjs.org/@miniflare%2fsites 452ms (cache miss)
199 http fetch GET 200 https://registry.npmjs.org/@miniflare%2fkv 639ms (cache miss)
200 http fetch GET 200 https://registry.npmjs.org/@miniflare%2fhtml-rewriter 665ms (cache miss)
201 http fetch GET 200 https://registry.npmjs.org/@miniflare%2fcache 727ms (cache miss)
202 http fetch GET 200 https://registry.npmjs.org/@miniflare%2fstorage-memory 852ms (cache miss)
203 http fetch GET 200 https://registry.npmjs.org/@miniflare%2fhttp-server 1074ms (cache miss)
204 http fetch GET 200 https://registry.npmjs.org/@miniflare%2fweb-sockets 1096ms (cache miss)
205 timing idealTree:node_modules/wrangler Completed in 1374ms
206 silly placeDep node_modules/wrangler mime@3.0.0 OK for: @cloudflare/kv-asset-handler@0.2.0 want: ^3.0.0
207 timing idealTree:node_modules/wrangler/node_modules/@cloudflare/kv-asset-handler Completed in 2ms
208 timing idealTree:node_modules/wrangler/node_modules/@esbuild-plugins/node-globals-polyfill Completed in 0ms
209 silly placeDep node_modules/wrangler escape-string-regexp@4.0.0 OK for: @esbuild-plugins/node-modules-polyfill@0.1.4 want: ^4.0.0
210 silly placeDep node_modules/wrangler rollup-plugin-node-polyfills@0.2.1 OK for: @esbuild-plugins/node-modules-polyfill@0.1.4 want: ^0.2.1
211 silly fetch manifest rollup-plugin-inject@^3.0.0
212 http fetch GET 200 https://registry.npmjs.org/rollup-plugin-inject 30ms (cache miss)
213 timing idealTree:node_modules/wrangler/node_modules/@esbuild-plugins/node-modules-polyfill Completed in 33ms
214 silly placeDep node_modules/wrangler @iarna/toml@2.2.5 OK for: @miniflare/core@2.10.0 want: ^2.2.5
215 silly placeDep node_modules/wrangler @miniflare/queues@2.10.0 OK for: @miniflare/core@2.10.0 want: 2.10.0
216 silly placeDep node_modules/wrangler @miniflare/shared@2.10.0 OK for: @miniflare/core@2.10.0 want: 2.10.0
217 silly placeDep node_modules/wrangler @miniflare/watcher@2.10.0 OK for: @miniflare/core@2.10.0 want: 2.10.0
218 silly placeDep node_modules/wrangler busboy@1.6.0 OK for: @miniflare/core@2.10.0 want: ^1.6.0
219 silly placeDep node_modules/wrangler dotenv@10.0.0 OK for: @miniflare/core@2.10.0 want: ^10.0.0
220 silly placeDep node_modules/wrangler kleur@4.1.5 OK for: @miniflare/core@2.10.0 want: ^4.1.4
221 silly placeDep node_modules/wrangler set-cookie-parser@2.5.1 OK for: @miniflare/core@2.10.0 want: ^2.4.8
222 silly placeDep node_modules/wrangler undici@5.9.1 OK for: @miniflare/core@2.10.0 want: 5.9.1
223 silly placeDep node_modules/wrangler urlpattern-polyfill@4.0.3 OK for: @miniflare/core@2.10.0 want: ^4.0.3
224 silly fetch manifest @types/better-sqlite3@^7.6.0
225 silly fetch manifest npx-import@^1.1.3
226 silly fetch manifest picomatch@^2.3.1
227 silly fetch manifest streamsearch@^1.1.0
228 http fetch GET 200 https://registry.npmjs.org/npx-import 27ms (cache miss)
229 http fetch GET 200 https://registry.npmjs.org/streamsearch 27ms (cache miss)
230 http fetch GET 200 https://registry.npmjs.org/picomatch 34ms (cache miss)
231 http fetch GET 200 https://registry.npmjs.org/@types%2fbetter-sqlite3 468ms (cache miss)
232 timing idealTree:node_modules/wrangler/node_modules/@miniflare/core Completed in 481ms
233 timing idealTree:node_modules/wrangler/node_modules/@iarna/toml Completed in 0ms
234 timing idealTree:node_modules/wrangler/node_modules/@miniflare/d1 Completed in 0ms
235 silly placeDep node_modules/wrangler @miniflare/storage-memory@2.10.0 OK for: @miniflare/durable-objects@2.10.0 want: 2.10.0
236 timing idealTree:node_modules/wrangler/node_modules/@miniflare/durable-objects Completed in 1ms
237 timing idealTree:node_modules/wrangler/node_modules/@miniflare/queues Completed in 0ms
238 silly placeDep node_modules/wrangler @types/better-sqlite3@7.6.2 OK for: @miniflare/shared@2.10.0 want: ^7.6.0
239 silly placeDep node_modules/wrangler npx-import@1.1.4 OK for: @miniflare/shared@2.10.0 want: ^1.1.3
240 silly placeDep node_modules/wrangler picomatch@2.3.1 OK for: @miniflare/shared@2.10.0 want: ^2.3.1
241 silly fetch manifest @types/node@*
242 silly fetch manifest execa@^6.1.0
243 silly fetch manifest parse-package-name@^1.0.0
244 silly fetch manifest semver@^7.3.7
245 silly fetch manifest validate-npm-package-name@^4.0.0
246 http fetch GET 200 https://registry.npmjs.org/semver 23ms (cache miss)
247 http fetch GET 200 https://registry.npmjs.org/parse-package-name 38ms (cache miss)
248 http fetch GET 200 https://registry.npmjs.org/validate-npm-package-name 38ms (cache miss)
249 http fetch GET 200 https://registry.npmjs.org/execa 40ms (cache miss)
250 http fetch GET 200 https://registry.npmjs.org/@types%2fnode 52ms (cache miss)
251 timing idealTree:node_modules/wrangler/node_modules/@miniflare/shared Completed in 64ms
252 timing idealTree:node_modules/wrangler/node_modules/@miniflare/storage-memory Completed in 0ms
253 timing idealTree:node_modules/wrangler/node_modules/@miniflare/watcher Completed in 0ms
254 silly placeDep node_modules/wrangler @types/node@18.11.9 OK for: @types/better-sqlite3@7.6.2 want: *
255 timing idealTree:node_modules/wrangler/node_modules/@types/better-sqlite3 Completed in 1ms
256 timing idealTree:node_modules/wrangler/node_modules/@types/node Completed in 0ms
257 timing idealTree:node_modules/wrangler/node_modules/blake3-wasm Completed in 0ms
258 silly placeDep node_modules/wrangler streamsearch@1.1.0 OK for: busboy@1.6.0 want: ^1.1.0
259 timing idealTree:node_modules/wrangler/node_modules/busboy Completed in 1ms
260 silly placeDep node_modules/wrangler anymatch@3.1.2 OK for: chokidar@3.5.3 want: ~3.1.2
261 silly placeDep node_modules/wrangler braces@3.0.2 OK for: chokidar@3.5.3 want: ~3.0.2
262 silly placeDep node_modules/wrangler glob-parent@5.1.2 OK for: chokidar@3.5.3 want: ~5.1.2
263 silly placeDep node_modules/wrangler is-binary-path@2.1.0 OK for: chokidar@3.5.3 want: ~2.1.0
264 silly placeDep node_modules/wrangler is-glob@4.0.3 OK for: chokidar@3.5.3 want: ~4.0.1
265 silly placeDep node_modules/wrangler normalize-path@3.0.0 OK for: chokidar@3.5.3 want: ~3.0.0
266 silly placeDep node_modules/wrangler readdirp@3.6.0 OK for: chokidar@3.5.3 want: ~3.6.0
267 silly fetch manifest fill-range@^7.0.1
268 silly fetch manifest binary-extensions@^2.0.0
269 silly fetch manifest is-extglob@^2.1.1
270 http fetch GET 200 https://registry.npmjs.org/binary-extensions 30ms (cache miss)
271 http fetch GET 200 https://registry.npmjs.org/fill-range 32ms (cache miss)
272 http fetch GET 200 https://registry.npmjs.org/is-extglob 31ms (cache miss)
273 timing idealTree:node_modules/wrangler/node_modules/chokidar Completed in 41ms
274 timing idealTree:node_modules/wrangler/node_modules/anymatch Completed in 0ms
275 silly placeDep node_modules/wrangler fill-range@7.0.1 OK for: braces@3.0.2 want: ^7.0.1
276 silly fetch manifest to-regex-range@^5.0.1
277 http fetch GET 200 https://registry.npmjs.org/to-regex-range 20ms (cache miss)
278 timing idealTree:node_modules/wrangler/node_modules/braces Completed in 22ms
279 timing idealTree:node_modules/wrangler/node_modules/dotenv Completed in 0ms
280 silly placeDep node_modules/wrangler esbuild-android-64@0.14.51 OK for: esbuild@0.14.51 want: 0.14.51
281 silly placeDep node_modules/wrangler esbuild-android-arm64@0.14.51 OK for: esbuild@0.14.51 want: 0.14.51
282 silly placeDep node_modules/wrangler esbuild-darwin-64@0.14.51 OK for: esbuild@0.14.51 want: 0.14.51
283 silly placeDep node_modules/wrangler esbuild-darwin-arm64@0.14.51 OK for: esbuild@0.14.51 want: 0.14.51
284 silly placeDep node_modules/wrangler esbuild-freebsd-64@0.14.51 OK for: esbuild@0.14.51 want: 0.14.51
285 silly placeDep node_modules/wrangler esbuild-freebsd-arm64@0.14.51 OK for: esbuild@0.14.51 want: 0.14.51
286 silly placeDep node_modules/wrangler esbuild-linux-32@0.14.51 OK for: esbuild@0.14.51 want: 0.14.51
287 silly placeDep node_modules/wrangler esbuild-linux-64@0.14.51 OK for: esbuild@0.14.51 want: 0.14.51
288 silly placeDep node_modules/wrangler esbuild-linux-arm@0.14.51 OK for: esbuild@0.14.51 want: 0.14.51
289 silly placeDep node_modules/wrangler esbuild-linux-arm64@0.14.51 OK for: esbuild@0.14.51 want: 0.14.51
290 silly placeDep node_modules/wrangler esbuild-linux-mips64le@0.14.51 OK for: esbuild@0.14.51 want: 0.14.51
291 silly placeDep node_modules/wrangler esbuild-linux-ppc64le@0.14.51 OK for: esbuild@0.14.51 want: 0.14.51
292 silly placeDep node_modules/wrangler esbuild-linux-riscv64@0.14.51 OK for: esbuild@0.14.51 want: 0.14.51
293 silly placeDep node_modules/wrangler esbuild-linux-s390x@0.14.51 OK for: esbuild@0.14.51 want: 0.14.51
294 silly placeDep node_modules/wrangler esbuild-netbsd-64@0.14.51 OK for: esbuild@0.14.51 want: 0.14.51
295 silly placeDep node_modules/wrangler esbuild-openbsd-64@0.14.51 OK for: esbuild@0.14.51 want: 0.14.51
296 silly placeDep node_modules/wrangler esbuild-sunos-64@0.14.51 OK for: esbuild@0.14.51 want: 0.14.51
297 silly placeDep node_modules/wrangler esbuild-windows-32@0.14.51 OK for: esbuild@0.14.51 want: 0.14.51
298 silly placeDep node_modules/wrangler esbuild-windows-64@0.14.51 OK for: esbuild@0.14.51 want: 0.14.51
299 silly placeDep node_modules/wrangler esbuild-windows-arm64@0.14.51 OK for: esbuild@0.14.51 want: 0.14.51
300 timing idealTree:node_modules/wrangler/node_modules/esbuild Completed in 19ms
301 timing idealTree:node_modules/wrangler/node_modules/esbuild-android-64 Completed in 0ms
302 timing idealTree:node_modules/wrangler/node_modules/esbuild-android-arm64 Completed in 0ms
303 timing idealTree:node_modules/wrangler/node_modules/esbuild-darwin-64 Completed in 1ms
304 timing idealTree:node_modules/wrangler/node_modules/esbuild-darwin-arm64 Completed in 0ms
305 timing idealTree:node_modules/wrangler/node_modules/esbuild-freebsd-64 Completed in 0ms
306 timing idealTree:node_modules/wrangler/node_modules/esbuild-freebsd-arm64 Completed in 0ms
307 timing idealTree:node_modules/wrangler/node_modules/esbuild-linux-32 Completed in 0ms
308 timing idealTree:node_modules/wrangler/node_modules/esbuild-linux-64 Completed in 0ms
309 timing idealTree:node_modules/wrangler/node_modules/esbuild-linux-arm Completed in 0ms
310 timing idealTree:node_modules/wrangler/node_modules/esbuild-linux-arm64 Completed in 0ms
311 timing idealTree:node_modules/wrangler/node_modules/esbuild-linux-mips64le Completed in 0ms
312 timing idealTree:node_modules/wrangler/node_modules/esbuild-linux-ppc64le Completed in 0ms
313 timing idealTree:node_modules/wrangler/node_modules/esbuild-linux-riscv64 Completed in 0ms
314 timing idealTree:node_modules/wrangler/node_modules/esbuild-linux-s390x Completed in 0ms
315 timing idealTree:node_modules/wrangler/node_modules/esbuild-netbsd-64 Completed in 0ms
316 timing idealTree:node_modules/wrangler/node_modules/esbuild-openbsd-64 Completed in 0ms
317 timing idealTree:node_modules/wrangler/node_modules/esbuild-sunos-64 Completed in 0ms
318 timing idealTree:node_modules/wrangler/node_modules/esbuild-windows-32 Completed in 0ms
319 timing idealTree:node_modules/wrangler/node_modules/esbuild-windows-64 Completed in 0ms
320 timing idealTree:node_modules/wrangler/node_modules/esbuild-windows-arm64 Completed in 0ms
321 timing idealTree:node_modules/wrangler/node_modules/escape-string-regexp Completed in 0ms
322 silly placeDep node_modules/wrangler to-regex-range@5.0.1 OK for: fill-range@7.0.1 want: ^5.0.1
323 silly fetch manifest is-number@^7.0.0
324 http fetch GET 200 https://registry.npmjs.org/is-number 30ms (cache miss)
325 timing idealTree:node_modules/wrangler/node_modules/fill-range Completed in 33ms
326 timing idealTree:node_modules/wrangler/node_modules/fsevents Completed in 0ms
327 timing idealTree:node_modules/wrangler/node_modules/glob-parent Completed in 0ms
328 silly placeDep node_modules/wrangler binary-extensions@2.2.0 OK for: is-binary-path@2.1.0 want: ^2.0.0
329 timing idealTree:node_modules/wrangler/node_modules/is-binary-path Completed in 1ms
330 timing idealTree:node_modules/wrangler/node_modules/binary-extensions Completed in 0ms
331 silly placeDep node_modules/wrangler is-extglob@2.1.1 OK for: is-glob@4.0.3 want: ^2.1.1
332 timing idealTree:node_modules/wrangler/node_modules/is-glob Completed in 2ms
333 timing idealTree:node_modules/wrangler/node_modules/is-extglob Completed in 0ms
334 timing idealTree:node_modules/wrangler/node_modules/kleur Completed in 0ms
335 timing idealTree:node_modules/wrangler/node_modules/mime Completed in 0ms
336 silly placeDep node_modules/wrangler @miniflare/cache@2.10.0 OK for: miniflare@2.10.0 want: 2.10.0
337 silly placeDep node_modules/wrangler @miniflare/cli-parser@2.10.0 OK for: miniflare@2.10.0 want: 2.10.0
338 silly placeDep node_modules/wrangler @miniflare/html-rewriter@2.10.0 OK for: miniflare@2.10.0 want: 2.10.0
339 silly placeDep node_modules/wrangler @miniflare/http-server@2.10.0 OK for: miniflare@2.10.0 want: 2.10.0
340 silly placeDep node_modules/wrangler @miniflare/kv@2.10.0 OK for: miniflare@2.10.0 want: 2.10.0
341 silly placeDep node_modules/wrangler @miniflare/r2@2.10.0 OK for: miniflare@2.10.0 want: 2.10.0
342 silly placeDep node_modules/wrangler @miniflare/runner-vm@2.10.0 OK for: miniflare@2.10.0 want: 2.10.0
343 silly placeDep node_modules/wrangler @miniflare/scheduler@2.10.0 OK for: miniflare@2.10.0 want: 2.10.0
344 silly placeDep node_modules/wrangler @miniflare/sites@2.10.0 OK for: miniflare@2.10.0 want: 2.10.0
345 silly placeDep node_modules/wrangler @miniflare/storage-file@2.10.0 OK for: miniflare@2.10.0 want: 2.10.0
346 silly placeDep node_modules/wrangler @miniflare/web-sockets@2.10.0 OK for: miniflare@2.10.0 want: 2.10.0
347 silly placeDep node_modules/wrangler semiver@1.1.0 OK for: miniflare@2.10.0 want: ^1.1.0
348 silly placeDep node_modules/wrangler source-map-support@0.5.21 OK for: miniflare@2.10.0 want: ^0.5.20
349 silly fetch manifest http-cache-semantics@^4.1.0
350 silly fetch manifest html-rewriter-wasm@^0.4.1
351 silly fetch manifest ws@^8.2.2
352 silly fetch manifest youch@^2.2.2
353 silly fetch manifest buffer-from@^1.0.0
354 silly fetch manifest source-map@^0.6.0
355 http fetch GET 200 https://registry.npmjs.org/youch 32ms (cache miss)
356 http fetch GET 200 https://registry.npmjs.org/http-cache-semantics 35ms (cache miss)
357 http fetch GET 200 https://registry.npmjs.org/html-rewriter-wasm 35ms (cache miss)
358 http fetch GET 200 https://registry.npmjs.org/buffer-from 33ms (cache miss)
359 http fetch GET 200 https://registry.npmjs.org/ws 36ms (cache miss)
360 timing idealTree:node_modules/wrangler/node_modules/miniflare Completed in 66ms
361 silly placeDep node_modules/wrangler http-cache-semantics@4.1.0 OK for: @miniflare/cache@2.10.0 want: ^4.1.0
362 timing idealTree:node_modules/wrangler/node_modules/@miniflare/cache Completed in 1ms
363 timing idealTree:node_modules/wrangler/node_modules/@miniflare/cli-parser Completed in 0ms
364 silly placeDep node_modules/wrangler html-rewriter-wasm@0.4.1 OK for: @miniflare/html-rewriter@2.10.0 want: ^0.4.1
365 timing idealTree:node_modules/wrangler/node_modules/@miniflare/html-rewriter Completed in 1ms
366 silly fetch manifest bufferutil@^4.0.1
367 http fetch GET 200 https://registry.npmjs.org/bufferutil 24ms (cache miss)
368 silly fetch manifest utf-8-validate@^5.0.2
369 http fetch GET 200 https://registry.npmjs.org/utf-8-validate 25ms (cache miss)
370 silly placeDep node_modules/wrangler ws@8.11.0 OK for: @miniflare/http-server@2.10.0 want: ^8.2.2
371 silly placeDep node_modules/wrangler youch@2.2.2 OK for: @miniflare/http-server@2.10.0 want: ^2.2.2
372 silly fetch manifest @types/stack-trace@0.0.29
373 silly fetch manifest cookie@^0.4.1
374 silly fetch manifest mustache@^4.2.0
375 silly fetch manifest stack-trace@0.0.10
376 http fetch GET 200 https://registry.npmjs.org/cookie 22ms (cache miss)
377 http fetch GET 200 https://registry.npmjs.org/mustache 31ms (cache miss)
378 http fetch GET 200 https://registry.npmjs.org/stack-trace 32ms (cache miss)
379 http fetch GET 200 https://registry.npmjs.org/@types%2fstack-trace 673ms (cache miss)
380 timing idealTree:node_modules/wrangler/node_modules/@miniflare/http-server Completed in 728ms
381 timing idealTree:node_modules/wrangler/node_modules/@miniflare/kv Completed in 0ms
382 timing idealTree:node_modules/wrangler/node_modules/@miniflare/r2 Completed in 0ms
383 timing idealTree:node_modules/wrangler/node_modules/@miniflare/runner-vm Completed in 0ms
384 silly placeDep node_modules/wrangler cron-schedule@3.0.6 OK for: @miniflare/scheduler@2.10.0 want: ^3.0.4
385 timing idealTree:node_modules/wrangler/node_modules/@miniflare/scheduler Completed in 1ms
386 timing idealTree:node_modules/wrangler/node_modules/@miniflare/sites Completed in 0ms
387 timing idealTree:node_modules/wrangler/node_modules/@miniflare/storage-file Completed in 0ms
388 timing idealTree:node_modules/wrangler/node_modules/@miniflare/web-sockets Completed in 0ms
389 timing idealTree:node_modules/wrangler/node_modules/cron-schedule Completed in 0ms
390 timing idealTree:node_modules/wrangler/node_modules/html-rewriter-wasm Completed in 0ms
391 timing idealTree:node_modules/wrangler/node_modules/http-cache-semantics Completed in 0ms
392 timing idealTree:node_modules/wrangler/node_modules/nanoid Completed in 0ms
393 timing idealTree:node_modules/wrangler/node_modules/normalize-path Completed in 0ms
394 silly placeDep node_modules/wrangler execa@6.1.0 OK for: npx-import@1.1.4 want: ^6.1.0
395 silly placeDep node_modules/wrangler parse-package-name@1.0.0 OK for: npx-import@1.1.4 want: ^1.0.0
396 silly placeDep node_modules/wrangler semver@7.3.8 OK for: npx-import@1.1.4 want: ^7.3.7
397 silly placeDep node_modules/wrangler validate-npm-package-name@4.0.0 OK for: npx-import@1.1.4 want: ^4.0.0
398 silly fetch manifest cross-spawn@^7.0.3
399 silly fetch manifest get-stream@^6.0.1
400 silly fetch manifest human-signals@^3.0.1
401 silly fetch manifest is-stream@^3.0.0
402 silly fetch manifest merge-stream@^2.0.0
403 silly fetch manifest npm-run-path@^5.1.0
404 silly fetch manifest onetime@^6.0.0
405 silly fetch manifest signal-exit@^3.0.7
406 silly fetch manifest strip-final-newline@^3.0.0
407 silly fetch manifest lru-cache@^6.0.0
408 silly fetch manifest builtins@^5.0.0
409 http fetch GET 200 https://registry.npmjs.org/strip-final-newline 45ms (cache miss)
410 http fetch GET 200 https://registry.npmjs.org/human-signals 50ms (cache miss)
411 http fetch GET 200 https://registry.npmjs.org/signal-exit 47ms (cache miss)
412 http fetch GET 200 https://registry.npmjs.org/cross-spawn 53ms (cache miss)
413 http fetch GET 200 https://registry.npmjs.org/merge-stream 52ms (cache miss)
414 http fetch GET 200 https://registry.npmjs.org/npm-run-path 52ms (cache miss)
415 http fetch GET 200 https://registry.npmjs.org/builtins 49ms (cache miss)
416 http fetch GET 200 https://registry.npmjs.org/lru-cache 50ms (cache miss)
417 http fetch GET 200 https://registry.npmjs.org/get-stream 57ms (cache miss)
418 http fetch GET 200 https://registry.npmjs.org/is-stream 71ms (cache miss)
419 http fetch GET 200 https://registry.npmjs.org/onetime 132ms (cache miss)
420 timing idealTree:node_modules/wrangler/node_modules/npx-import Completed in 141ms
421 silly placeDep node_modules/wrangler cross-spawn@7.0.3 OK for: execa@6.1.0 want: ^7.0.3
422 silly placeDep node_modules/wrangler get-stream@6.0.1 OK for: execa@6.1.0 want: ^6.0.1
423 silly placeDep node_modules/wrangler human-signals@3.0.1 OK for: execa@6.1.0 want: ^3.0.1
424 silly placeDep node_modules/wrangler is-stream@3.0.0 OK for: execa@6.1.0 want: ^3.0.0
425 silly placeDep node_modules/wrangler merge-stream@2.0.0 OK for: execa@6.1.0 want: ^2.0.0
426 silly placeDep node_modules/wrangler npm-run-path@5.1.0 OK for: execa@6.1.0 want: ^5.1.0
427 silly placeDep node_modules/wrangler onetime@6.0.0 OK for: execa@6.1.0 want: ^6.0.0
428 silly placeDep node_modules/wrangler signal-exit@3.0.7 OK for: execa@6.1.0 want: ^3.0.7
429 silly placeDep node_modules/wrangler strip-final-newline@3.0.0 OK for: execa@6.1.0 want: ^3.0.0
430 silly fetch manifest path-key@^3.1.0
431 silly fetch manifest shebang-command@^2.0.0
432 silly fetch manifest which@^2.0.1
433 silly fetch manifest path-key@^4.0.0
434 silly fetch manifest mimic-fn@^4.0.0
435 http fetch GET 200 https://registry.npmjs.org/path-key 39ms (cache miss)
436 http fetch GET 200 https://registry.npmjs.org/path-key 41ms (cache miss)
437 http fetch GET 200 https://registry.npmjs.org/which 40ms (cache miss)
438 http fetch GET 200 https://registry.npmjs.org/mimic-fn 41ms (cache miss)
439 http fetch GET 200 https://registry.npmjs.org/shebang-command 43ms (cache miss)
440 timing idealTree:node_modules/wrangler/node_modules/execa Completed in 53ms
441 silly placeDep node_modules/wrangler path-key@3.1.1 OK for: cross-spawn@7.0.3 want: ^3.1.0
442 silly placeDep node_modules/wrangler shebang-command@2.0.0 OK for: cross-spawn@7.0.3 want: ^2.0.0
443 silly placeDep node_modules/wrangler which@2.0.2 OK for: cross-spawn@7.0.3 want: ^2.0.1
444 silly fetch manifest shebang-regex@^3.0.0
445 silly fetch manifest isexe@^2.0.0
446 http fetch GET 200 https://registry.npmjs.org/isexe 25ms (cache miss)
447 http fetch GET 200 https://registry.npmjs.org/shebang-regex 25ms (cache miss)
448 timing idealTree:node_modules/wrangler/node_modules/cross-spawn Completed in 31ms
449 timing idealTree:node_modules/wrangler/node_modules/get-stream Completed in 0ms
450 timing idealTree:node_modules/wrangler/node_modules/human-signals Completed in 0ms
451 timing idealTree:node_modules/wrangler/node_modules/is-stream Completed in 0ms
452 timing idealTree:node_modules/wrangler/node_modules/merge-stream Completed in 0ms
453 silly placeDep node_modules/wrangler/node_modules/npm-run-path path-key@4.0.0 OK for: npm-run-path@5.1.0 want: ^4.0.0
454 timing idealTree:node_modules/wrangler/node_modules/npm-run-path Completed in 2ms
455 silly placeDep node_modules/wrangler mimic-fn@4.0.0 OK for: onetime@6.0.0 want: ^4.0.0
456 timing idealTree:node_modules/wrangler/node_modules/onetime Completed in 1ms
457 timing idealTree:node_modules/wrangler/node_modules/mimic-fn Completed in 0ms
458 timing idealTree:node_modules/wrangler/node_modules/parse-package-name Completed in 0ms
459 timing idealTree:node_modules/wrangler/node_modules/path-key Completed in 0ms
460 timing idealTree:node_modules/wrangler/node_modules/path-to-regexp Completed in 0ms
461 timing idealTree:node_modules/wrangler/node_modules/picomatch Completed in 0ms
462 timing idealTree:node_modules/wrangler/node_modules/readdirp Completed in 0ms
463 silly placeDep node_modules/wrangler rollup-plugin-inject@3.0.2 OK for: rollup-plugin-node-polyfills@0.2.1 want: ^3.0.0
464 silly fetch manifest estree-walker@^0.6.1
465 silly fetch manifest magic-string@^0.25.3
466 silly fetch manifest rollup-pluginutils@^2.8.1
467 http fetch GET 200 https://registry.npmjs.org/magic-string 26ms (cache miss)
468 http fetch GET 200 https://registry.npmjs.org/estree-walker 35ms (cache miss)
469 http fetch GET 200 https://registry.npmjs.org/rollup-pluginutils 34ms (cache miss)
470 timing idealTree:node_modules/wrangler/node_modules/rollup-plugin-node-polyfills Completed in 38ms
471 silly placeDep node_modules/wrangler estree-walker@0.6.1 OK for: rollup-plugin-inject@3.0.2 want: ^0.6.1
472 silly placeDep node_modules/wrangler magic-string@0.25.9 OK for: rollup-plugin-inject@3.0.2 want: ^0.25.3
473 silly placeDep node_modules/wrangler rollup-pluginutils@2.8.2 OK for: rollup-plugin-inject@3.0.2 want: ^2.8.1
474 silly fetch manifest sourcemap-codec@^1.4.8
475 http fetch GET 200 https://registry.npmjs.org/sourcemap-codec 22ms (cache miss)
476 timing idealTree:node_modules/wrangler/node_modules/rollup-plugin-inject Completed in 25ms
477 timing idealTree:node_modules/wrangler/node_modules/estree-walker Completed in 0ms
478 silly placeDep node_modules/wrangler sourcemap-codec@1.4.8 OK for: magic-string@0.25.9 want: ^1.4.8
479 timing idealTree:node_modules/wrangler/node_modules/magic-string Completed in 1ms
480 timing idealTree:node_modules/wrangler/node_modules/rollup-pluginutils Completed in 0ms
481 silly placeDep node_modules/wrangler node-forge@1.3.1 OK for: selfsigned@2.1.1 want: ^1
482 timing idealTree:node_modules/wrangler/node_modules/selfsigned Completed in 1ms
483 timing idealTree:node_modules/wrangler/node_modules/node-forge Completed in 0ms
484 timing idealTree:node_modules/wrangler/node_modules/semiver Completed in 0ms
485 silly placeDep node_modules/wrangler lru-cache@6.0.0 OK for: semver@7.3.8 want: ^6.0.0
486 silly fetch manifest yallist@^4.0.0
487 http fetch GET 200 https://registry.npmjs.org/yallist 28ms (cache miss)
488 timing idealTree:node_modules/wrangler/node_modules/semver Completed in 29ms
489 silly placeDep node_modules/wrangler yallist@4.0.0 OK for: lru-cache@6.0.0 want: ^4.0.0
490 timing idealTree:node_modules/wrangler/node_modules/lru-cache Completed in 1ms
491 timing idealTree:node_modules/wrangler/node_modules/set-cookie-parser Completed in 0ms
492 silly placeDep node_modules/wrangler shebang-regex@3.0.0 OK for: shebang-command@2.0.0 want: ^3.0.0
493 timing idealTree:node_modules/wrangler/node_modules/shebang-command Completed in 1ms
494 timing idealTree:node_modules/wrangler/node_modules/shebang-regex Completed in 0ms
495 timing idealTree:node_modules/wrangler/node_modules/signal-exit Completed in 0ms
496 timing idealTree:node_modules/wrangler/node_modules/source-map Completed in 0ms
497 silly placeDep node_modules/wrangler buffer-from@1.1.2 OK for: source-map-support@0.5.21 want: ^1.0.0
498 silly placeDep node_modules/wrangler/node_modules/source-map-support source-map@0.6.1 OK for: source-map-support@0.5.21 want: ^0.6.0
499 timing idealTree:node_modules/wrangler/node_modules/source-map-support Completed in 2ms
500 timing idealTree:node_modules/wrangler/node_modules/buffer-from Completed in 0ms
501 timing idealTree:node_modules/wrangler/node_modules/sourcemap-codec Completed in 0ms
502 timing idealTree:node_modules/wrangler/node_modules/streamsearch Completed in 0ms
503 timing idealTree:node_modules/wrangler/node_modules/strip-final-newline Completed in 0ms
504 silly placeDep node_modules/wrangler is-number@7.0.0 OK for: to-regex-range@5.0.1 want: ^7.0.0
505 timing idealTree:node_modules/wrangler/node_modules/to-regex-range Completed in 2ms
506 timing idealTree:node_modules/wrangler/node_modules/is-number Completed in 0ms
507 timing idealTree:node_modules/wrangler/node_modules/undici Completed in 0ms
508 timing idealTree:node_modules/wrangler/node_modules/urlpattern-polyfill Completed in 0ms
509 silly placeDep node_modules/wrangler builtins@5.0.1 OK for: validate-npm-package-name@4.0.0 want: ^5.0.0
510 timing idealTree:node_modules/wrangler/node_modules/validate-npm-package-name Completed in 1ms
511 timing idealTree:node_modules/wrangler/node_modules/builtins Completed in 0ms
512 silly placeDep node_modules/wrangler isexe@2.0.0 OK for: which@2.0.2 want: ^2.0.0
513 timing idealTree:node_modules/wrangler/node_modules/which Completed in 0ms
514 timing idealTree:node_modules/wrangler/node_modules/isexe Completed in 0ms
515 timing idealTree:node_modules/wrangler/node_modules/ws Completed in 0ms
516 timing idealTree:node_modules/wrangler/node_modules/xxhash-wasm Completed in 0ms
517 timing idealTree:node_modules/wrangler/node_modules/yallist Completed in 0ms
518 silly placeDep node_modules/wrangler @types/stack-trace@0.0.29 OK for: youch@2.2.2 want: 0.0.29
519 silly placeDep node_modules/wrangler cookie@0.4.2 OK for: youch@2.2.2 want: ^0.4.1
520 silly placeDep node_modules/wrangler mustache@4.2.0 OK for: youch@2.2.2 want: ^4.2.0
521 silly placeDep node_modules/wrangler stack-trace@0.0.10 OK for: youch@2.2.2 want: 0.0.10
522 timing idealTree:node_modules/wrangler/node_modules/youch Completed in 3ms
523 timing idealTree:node_modules/wrangler/node_modules/@types/stack-trace Completed in 0ms
524 timing idealTree:node_modules/wrangler/node_modules/cookie Completed in 0ms
525 timing idealTree:node_modules/wrangler/node_modules/mustache Completed in 0ms
526 timing idealTree:node_modules/wrangler/node_modules/stack-trace Completed in 0ms
527 timing idealTree:node_modules/wrangler/node_modules/npm-run-path/node_modules/path-key Completed in 0ms
528 timing idealTree:node_modules/wrangler/node_modules/source-map-support/node_modules/source-map Completed in 0ms
529 timing idealTree:buildDeps Completed in 4517ms
530 timing idealTree:fixDepFlags Completed in 2ms
531 timing idealTree Completed in 4534ms
532 timing reify:loadTrees Completed in 4537ms
533 timing reify:diffTrees Completed in 2ms
534 silly reify moves {}
535 timing reify:retireShallow Completed in 1ms
536 timing reify:createSparse Completed in 29ms
537 timing reify:loadBundles Completed in 0ms
538 silly audit bulk request {
538 silly audit   wrangler: [ '2.3.0' ],
538 silly audit   '@cloudflare/kv-asset-handler': [ '0.2.0' ],
538 silly audit   '@esbuild-plugins/node-globals-polyfill': [ '0.1.1' ],
538 silly audit   esbuild: [ '0.14.51' ],
538 silly audit   '@esbuild-plugins/node-modules-polyfill': [ '0.1.4' ],
538 silly audit   '@miniflare/core': [ '2.10.0' ],
538 silly audit   '@miniflare/d1': [ '2.10.0' ],
538 silly audit   '@miniflare/durable-objects': [ '2.10.0' ],
538 silly audit   'blake3-wasm': [ '2.1.5' ],
538 silly audit   chokidar: [ '3.5.3' ],
538 silly audit   fsevents: [ '2.3.2' ],
538 silly audit   miniflare: [ '2.10.0' ],
538 silly audit   nanoid: [ '3.3.4' ],
538 silly audit   'path-to-regexp': [ '6.2.1' ],
538 silly audit   selfsigned: [ '2.1.1' ],
538 silly audit   'source-map': [ '0.7.4', '0.6.1' ],
538 silly audit   'xxhash-wasm': [ '1.0.2' ],
538 silly audit   mime: [ '3.0.0' ],
538 silly audit   'escape-string-regexp': [ '4.0.0' ],
538 silly audit   'rollup-plugin-node-polyfills': [ '0.2.1' ],
538 silly audit   '@iarna/toml': [ '2.2.5' ],
538 silly audit   '@miniflare/queues': [ '2.10.0' ],
538 silly audit   '@miniflare/shared': [ '2.10.0' ],
538 silly audit   '@miniflare/watcher': [ '2.10.0' ],
538 silly audit   busboy: [ '1.6.0' ],
538 silly audit   dotenv: [ '10.0.0' ],
538 silly audit   kleur: [ '4.1.5' ],
538 silly audit   'set-cookie-parser': [ '2.5.1' ],
538 silly audit   undici: [ '5.9.1' ],
538 silly audit   'urlpattern-polyfill': [ '4.0.3' ],
538 silly audit   '@miniflare/storage-memory': [ '2.10.0' ],
538 silly audit   '@types/better-sqlite3': [ '7.6.2' ],
538 silly audit   'npx-import': [ '1.1.4' ],
538 silly audit   picomatch: [ '2.3.1' ],
538 silly audit   '@types/node': [ '18.11.9' ],
538 silly audit   streamsearch: [ '1.1.0' ],
538 silly audit   anymatch: [ '3.1.2' ],
538 silly audit   braces: [ '3.0.2' ],
538 silly audit   'glob-parent': [ '5.1.2' ],
538 silly audit   'is-binary-path': [ '2.1.0' ],
538 silly audit   'is-glob': [ '4.0.3' ],
538 silly audit   'normalize-path': [ '3.0.0' ],
538 silly audit   readdirp: [ '3.6.0' ],
538 silly audit   'fill-range': [ '7.0.1' ],
538 silly audit   'esbuild-android-64': [ '0.14.51' ],
538 silly audit   'esbuild-android-arm64': [ '0.14.51' ],
538 silly audit   'esbuild-darwin-64': [ '0.14.51' ],
538 silly audit   'esbuild-darwin-arm64': [ '0.14.51' ],
538 silly audit   'esbuild-freebsd-64': [ '0.14.51' ],
538 silly audit   'esbuild-freebsd-arm64': [ '0.14.51' ],
538 silly audit   'esbuild-linux-32': [ '0.14.51' ],
538 silly audit   'esbuild-linux-64': [ '0.14.51' ],
538 silly audit   'esbuild-linux-arm': [ '0.14.51' ],
538 silly audit   'esbuild-linux-arm64': [ '0.14.51' ],
538 silly audit   'esbuild-linux-mips64le': [ '0.14.51' ],
538 silly audit   'esbuild-linux-ppc64le': [ '0.14.51' ],
538 silly audit   'esbuild-linux-riscv64': [ '0.14.51' ],
538 silly audit   'esbuild-linux-s390x': [ '0.14.51' ],
538 silly audit   'esbuild-netbsd-64': [ '0.14.51' ],
538 silly audit   'esbuild-openbsd-64': [ '0.14.51' ],
538 silly audit   'esbuild-sunos-64': [ '0.14.51' ],
538 silly audit   'esbuild-windows-32': [ '0.14.51' ],
538 silly audit   'esbuild-windows-64': [ '0.14.51' ],
538 silly audit   'esbuild-windows-arm64': [ '0.14.51' ],
538 silly audit   'to-regex-range': [ '5.0.1' ],
538 silly audit   'binary-extensions': [ '2.2.0' ],
538 silly audit   'is-extglob': [ '2.1.1' ],
538 silly audit   '@miniflare/cache': [ '2.10.0' ],
538 silly audit   '@miniflare/cli-parser': [ '2.10.0' ],
538 silly audit   '@miniflare/html-rewriter': [ '2.10.0' ],
538 silly audit   '@miniflare/http-server': [ '2.10.0' ],
538 silly audit   '@miniflare/kv': [ '2.10.0' ],
538 silly audit   '@miniflare/r2': [ '2.10.0' ],
538 silly audit   '@miniflare/runner-vm': [ '2.10.0' ],
538 silly audit   '@miniflare/scheduler': [ '2.10.0' ],
538 silly audit   '@miniflare/sites': [ '2.10.0' ],
538 silly audit   '@miniflare/storage-file': [ '2.10.0' ],
538 silly audit   '@miniflare/web-sockets': [ '2.10.0' ],
538 silly audit   semiver: [ '1.1.0' ],
538 silly audit   'source-map-support': [ '0.5.21' ],
538 silly audit   'http-cache-semantics': [ '4.1.0' ],
538 silly audit   'html-rewriter-wasm': [ '0.4.1' ],
538 silly audit   ws: [ '8.11.0' ],
538 silly audit   youch: [ '2.2.2' ],
538 silly audit   'cron-schedule': [ '3.0.6' ],
538 silly audit   execa: [ '6.1.0' ],
538 silly audit   'parse-package-name': [ '1.0.0' ],
538 silly audit   semver: [ '7.3.8' ],
538 silly audit   'validate-npm-package-name': [ '4.0.0' ],
538 silly audit   'cross-spawn': [ '7.0.3' ],
538 silly audit   'get-stream': [ '6.0.1' ],
538 silly audit   'human-signals': [ '3.0.1' ],
538 silly audit   'is-stream': [ '3.0.0' ],
538 silly audit   'merge-stream': [ '2.0.0' ],
538 silly audit   'npm-run-path': [ '5.1.0' ],
538 silly audit   onetime: [ '6.0.0' ],
538 silly audit   'signal-exit': [ '3.0.7' ],
538 silly audit   'strip-final-newline': [ '3.0.0' ],
538 silly audit   'path-key': [ '3.1.1', '4.0.0' ],
538 silly audit   'shebang-command': [ '2.0.0' ],
538 silly audit   which: [ '2.0.2' ],
538 silly audit   'mimic-fn': [ '4.0.0' ],
538 silly audit   'rollup-plugin-inject': [ '3.0.2' ],
538 silly audit   'estree-walker': [ '0.6.1' ],
538 silly audit   'magic-string': [ '0.25.9' ],
538 silly audit   'rollup-pluginutils': [ '2.8.2' ],
538 silly audit   'sourcemap-codec': [ '1.4.8' ],
538 silly audit   'node-forge': [ '1.3.1' ],
538 silly audit   'lru-cache': [ '6.0.0' ],
538 silly audit   yallist: [ '4.0.0' ],
538 silly audit   'shebang-regex': [ '3.0.0' ],
538 silly audit   'buffer-from': [ '1.1.2' ],
538 silly audit   'is-number': [ '7.0.0' ],
538 silly audit   builtins: [ '5.0.1' ],
538 silly audit   isexe: [ '2.0.0' ],
538 silly audit   '@types/stack-trace': [ '0.0.29' ],
538 silly audit   cookie: [ '0.4.2' ],
538 silly audit   mustache: [ '4.2.0' ],
538 silly audit   'stack-trace': [ '0.0.10' ]
538 silly audit }
539 verbose reify failed optional dependency /usr/local/lib/node_modules/wrangler/node_modules/esbuild-windows-arm64
540 silly reify mark deleted [
540 silly reify   '/usr/local/lib/node_modules/wrangler/node_modules/esbuild-windows-arm64'
540 silly reify ]
541 verbose reify failed optional dependency /usr/local/lib/node_modules/wrangler/node_modules/esbuild-windows-64
542 silly reify mark deleted [
542 silly reify   '/usr/local/lib/node_modules/wrangler/node_modules/esbuild-windows-64'
542 silly reify ]
543 verbose reify failed optional dependency /usr/local/lib/node_modules/wrangler/node_modules/esbuild-windows-32
544 silly reify mark deleted [
544 silly reify   '/usr/local/lib/node_modules/wrangler/node_modules/esbuild-windows-32'
544 silly reify ]
545 verbose reify failed optional dependency /usr/local/lib/node_modules/wrangler/node_modules/esbuild-sunos-64
546 silly reify mark deleted [
546 silly reify   '/usr/local/lib/node_modules/wrangler/node_modules/esbuild-sunos-64'
546 silly reify ]
547 verbose reify failed optional dependency /usr/local/lib/node_modules/wrangler/node_modules/esbuild-openbsd-64
548 silly reify mark deleted [
548 silly reify   '/usr/local/lib/node_modules/wrangler/node_modules/esbuild-openbsd-64'
548 silly reify ]
549 verbose reify failed optional dependency /usr/local/lib/node_modules/wrangler/node_modules/esbuild-netbsd-64
550 silly reify mark deleted [
550 silly reify   '/usr/local/lib/node_modules/wrangler/node_modules/esbuild-netbsd-64'
550 silly reify ]
551 verbose reify failed optional dependency /usr/local/lib/node_modules/wrangler/node_modules/esbuild-linux-s390x
552 silly reify mark deleted [
552 silly reify   '/usr/local/lib/node_modules/wrangler/node_modules/esbuild-linux-s390x'
552 silly reify ]
553 verbose reify failed optional dependency /usr/local/lib/node_modules/wrangler/node_modules/esbuild-linux-riscv64
554 silly reify mark deleted [
554 silly reify   '/usr/local/lib/node_modules/wrangler/node_modules/esbuild-linux-riscv64'
554 silly reify ]
555 verbose reify failed optional dependency /usr/local/lib/node_modules/wrangler/node_modules/esbuild-linux-ppc64le
556 silly reify mark deleted [
556 silly reify   '/usr/local/lib/node_modules/wrangler/node_modules/esbuild-linux-ppc64le'
556 silly reify ]
557 verbose reify failed optional dependency /usr/local/lib/node_modules/wrangler/node_modules/esbuild-linux-mips64le
558 silly reify mark deleted [
558 silly reify   '/usr/local/lib/node_modules/wrangler/node_modules/esbuild-linux-mips64le'
558 silly reify ]
559 verbose reify failed optional dependency /usr/local/lib/node_modules/wrangler/node_modules/esbuild-linux-arm64
560 silly reify mark deleted [
560 silly reify   '/usr/local/lib/node_modules/wrangler/node_modules/esbuild-linux-arm64'
560 silly reify ]
561 verbose reify failed optional dependency /usr/local/lib/node_modules/wrangler/node_modules/esbuild-linux-arm
562 silly reify mark deleted [
562 silly reify   '/usr/local/lib/node_modules/wrangler/node_modules/esbuild-linux-arm'
562 silly reify ]
563 verbose reify failed optional dependency /usr/local/lib/node_modules/wrangler/node_modules/esbuild-linux-32
564 silly reify mark deleted [
564 silly reify   '/usr/local/lib/node_modules/wrangler/node_modules/esbuild-linux-32'
564 silly reify ]
565 verbose reify failed optional dependency /usr/local/lib/node_modules/wrangler/node_modules/esbuild-freebsd-arm64
566 silly reify mark deleted [
566 silly reify   '/usr/local/lib/node_modules/wrangler/node_modules/esbuild-freebsd-arm64'
566 silly reify ]
567 verbose reify failed optional dependency /usr/local/lib/node_modules/wrangler/node_modules/esbuild-freebsd-64
568 silly reify mark deleted [
568 silly reify   '/usr/local/lib/node_modules/wrangler/node_modules/esbuild-freebsd-64'
568 silly reify ]
569 verbose reify failed optional dependency /usr/local/lib/node_modules/wrangler/node_modules/esbuild-darwin-arm64
570 silly reify mark deleted [
570 silly reify   '/usr/local/lib/node_modules/wrangler/node_modules/esbuild-darwin-arm64'
570 silly reify ]
571 verbose reify failed optional dependency /usr/local/lib/node_modules/wrangler/node_modules/esbuild-darwin-64
572 silly reify mark deleted [
572 silly reify   '/usr/local/lib/node_modules/wrangler/node_modules/esbuild-darwin-64'
572 silly reify ]
573 verbose reify failed optional dependency /usr/local/lib/node_modules/wrangler/node_modules/esbuild-android-arm64
574 silly reify mark deleted [
574 silly reify   '/usr/local/lib/node_modules/wrangler/node_modules/esbuild-android-arm64'
574 silly reify ]
575 verbose reify failed optional dependency /usr/local/lib/node_modules/wrangler/node_modules/esbuild-android-64
576 silly reify mark deleted [
576 silly reify   '/usr/local/lib/node_modules/wrangler/node_modules/esbuild-android-64'
576 silly reify ]
577 verbose reify failed optional dependency /usr/local/lib/node_modules/wrangler/node_modules/fsevents
578 silly reify mark deleted [ '/usr/local/lib/node_modules/wrangler/node_modules/fsevents' ]
579 timing reifyNode:node_modules/wrangler/node_modules/esbuild-windows-arm64 Completed in 11ms
580 timing reifyNode:node_modules/wrangler/node_modules/esbuild-windows-64 Completed in 11ms
581 timing reifyNode:node_modules/wrangler/node_modules/esbuild-windows-32 Completed in 11ms
582 timing reifyNode:node_modules/wrangler/node_modules/esbuild-sunos-64 Completed in 12ms
583 timing reifyNode:node_modules/wrangler/node_modules/esbuild-openbsd-64 Completed in 11ms
584 timing reifyNode:node_modules/wrangler/node_modules/esbuild-netbsd-64 Completed in 11ms
585 timing reifyNode:node_modules/wrangler/node_modules/esbuild-linux-s390x Completed in 11ms
586 timing reifyNode:node_modules/wrangler/node_modules/esbuild-linux-riscv64 Completed in 11ms
587 timing reifyNode:node_modules/wrangler/node_modules/esbuild-linux-ppc64le Completed in 11ms
588 timing reifyNode:node_modules/wrangler/node_modules/esbuild-linux-mips64le Completed in 11ms
589 timing reifyNode:node_modules/wrangler/node_modules/esbuild-linux-arm64 Completed in 11ms
590 timing reifyNode:node_modules/wrangler/node_modules/esbuild-linux-arm Completed in 11ms
591 timing reifyNode:node_modules/wrangler/node_modules/esbuild-linux-32 Completed in 11ms
592 timing reifyNode:node_modules/wrangler/node_modules/esbuild-freebsd-arm64 Completed in 11ms
593 timing reifyNode:node_modules/wrangler/node_modules/esbuild-freebsd-64 Completed in 11ms
594 timing reifyNode:node_modules/wrangler/node_modules/esbuild-darwin-arm64 Completed in 11ms
595 timing reifyNode:node_modules/wrangler/node_modules/esbuild-darwin-64 Completed in 11ms
596 timing reifyNode:node_modules/wrangler/node_modules/esbuild-android-arm64 Completed in 11ms
597 timing reifyNode:node_modules/wrangler/node_modules/esbuild-android-64 Completed in 11ms
598 timing reifyNode:node_modules/wrangler/node_modules/fsevents Completed in 10ms
599 silly tarball no local data for wrangler@https://registry.npmjs.org/wrangler/-/wrangler-2.3.0.tgz. Extracting by manifest.
600 silly tarball no local data for stack-trace@https://registry.npmjs.org/stack-trace/-/stack-trace-0.0.10.tgz. Extracting by manifest.
601 silly tarball no local data for mustache@https://registry.npmjs.org/mustache/-/mustache-4.2.0.tgz. Extracting by manifest.
602 silly tarball no local data for cookie@https://registry.npmjs.org/cookie/-/cookie-0.4.2.tgz. Extracting by manifest.
603 silly tarball no local data for @types/stack-trace@https://registry.npmjs.org/@types/stack-trace/-/stack-trace-0.0.29.tgz. Extracting by manifest.
604 silly tarball no local data for isexe@https://registry.npmjs.org/isexe/-/isexe-2.0.0.tgz. Extracting by manifest.
605 silly tarball no local data for builtins@https://registry.npmjs.org/builtins/-/builtins-5.0.1.tgz. Extracting by manifest.
606 silly tarball no local data for is-number@https://registry.npmjs.org/is-number/-/is-number-7.0.0.tgz. Extracting by manifest.
607 silly tarball no local data for buffer-from@https://registry.npmjs.org/buffer-from/-/buffer-from-1.1.2.tgz. Extracting by manifest.
608 silly tarball no local data for shebang-regex@https://registry.npmjs.org/shebang-regex/-/shebang-regex-3.0.0.tgz. Extracting by manifest.
609 silly tarball no local data for yallist@https://registry.npmjs.org/yallist/-/yallist-4.0.0.tgz. Extracting by manifest.
610 silly tarball no local data for lru-cache@https://registry.npmjs.org/lru-cache/-/lru-cache-6.0.0.tgz. Extracting by manifest.
611 silly tarball no local data for node-forge@https://registry.npmjs.org/node-forge/-/node-forge-1.3.1.tgz. Extracting by manifest.
612 silly tarball no local data for sourcemap-codec@https://registry.npmjs.org/sourcemap-codec/-/sourcemap-codec-1.4.8.tgz. Extracting by manifest.
613 silly tarball no local data for rollup-pluginutils@https://registry.npmjs.org/rollup-pluginutils/-/rollup-pluginutils-2.8.2.tgz. Extracting by manifest.
614 silly tarball no local data for magic-string@https://registry.npmjs.org/magic-string/-/magic-string-0.25.9.tgz. Extracting by manifest.
615 silly tarball no local data for estree-walker@https://registry.npmjs.org/estree-walker/-/estree-walker-0.6.1.tgz. Extracting by manifest.
616 silly tarball no local data for rollup-plugin-inject@https://registry.npmjs.org/rollup-plugin-inject/-/rollup-plugin-inject-3.0.2.tgz. Extracting by manifest.
617 silly tarball no local data for mimic-fn@https://registry.npmjs.org/mimic-fn/-/mimic-fn-4.0.0.tgz. Extracting by manifest.
618 silly tarball no local data for which@https://registry.npmjs.org/which/-/which-2.0.2.tgz. Extracting by manifest.
619 silly tarball no local data for shebang-command@https://registry.npmjs.org/shebang-command/-/shebang-command-2.0.0.tgz. Extracting by manifest.
620 silly tarball no local data for path-key@https://registry.npmjs.org/path-key/-/path-key-3.1.1.tgz. Extracting by manifest.
621 silly tarball no local data for strip-final-newline@https://registry.npmjs.org/strip-final-newline/-/strip-final-newline-3.0.0.tgz. Extracting by manifest.
622 silly tarball no local data for signal-exit@https://registry.npmjs.org/signal-exit/-/signal-exit-3.0.7.tgz. Extracting by manifest.
623 silly tarball no local data for onetime@https://registry.npmjs.org/onetime/-/onetime-6.0.0.tgz. Extracting by manifest.
624 silly tarball no local data for npm-run-path@https://registry.npmjs.org/npm-run-path/-/npm-run-path-5.1.0.tgz. Extracting by manifest.
625 silly tarball no local data for path-key@https://registry.npmjs.org/path-key/-/path-key-4.0.0.tgz. Extracting by manifest.
626 silly tarball no local data for merge-stream@https://registry.npmjs.org/merge-stream/-/merge-stream-2.0.0.tgz. Extracting by manifest.
627 silly tarball no local data for is-stream@https://registry.npmjs.org/is-stream/-/is-stream-3.0.0.tgz. Extracting by manifest.
628 silly tarball no local data for human-signals@https://registry.npmjs.org/human-signals/-/human-signals-3.0.1.tgz. Extracting by manifest.
629 silly tarball no local data for get-stream@https://registry.npmjs.org/get-stream/-/get-stream-6.0.1.tgz. Extracting by manifest.
630 silly tarball no local data for cross-spawn@https://registry.npmjs.org/cross-spawn/-/cross-spawn-7.0.3.tgz. Extracting by manifest.
631 silly tarball no local data for validate-npm-package-name@https://registry.npmjs.org/validate-npm-package-name/-/validate-npm-package-name-4.0.0.tgz. Extracting by manifest.
632 silly tarball no local data for semver@https://registry.npmjs.org/semver/-/semver-7.3.8.tgz. Extracting by manifest.
633 silly tarball no local data for parse-package-name@https://registry.npmjs.org/parse-package-name/-/parse-package-name-1.0.0.tgz. Extracting by manifest.
634 silly tarball no local data for execa@https://registry.npmjs.org/execa/-/execa-6.1.0.tgz. Extracting by manifest.
635 silly tarball no local data for cron-schedule@https://registry.npmjs.org/cron-schedule/-/cron-schedule-3.0.6.tgz. Extracting by manifest.
636 silly tarball no local data for youch@https://registry.npmjs.org/youch/-/youch-2.2.2.tgz. Extracting by manifest.
637 silly tarball no local data for ws@https://registry.npmjs.org/ws/-/ws-8.11.0.tgz. Extracting by manifest.
638 silly tarball no local data for html-rewriter-wasm@https://registry.npmjs.org/html-rewriter-wasm/-/html-rewriter-wasm-0.4.1.tgz. Extracting by manifest.
639 silly tarball no local data for http-cache-semantics@https://registry.npmjs.org/http-cache-semantics/-/http-cache-semantics-4.1.0.tgz. Extracting by manifest.
640 silly tarball no local data for source-map-support@https://registry.npmjs.org/source-map-support/-/source-map-support-0.5.21.tgz. Extracting by manifest.
641 silly tarball no local data for source-map@https://registry.npmjs.org/source-map/-/source-map-0.6.1.tgz. Extracting by manifest.
642 silly tarball no local data for semiver@https://registry.npmjs.org/semiver/-/semiver-1.1.0.tgz. Extracting by manifest.
643 silly tarball no local data for @miniflare/web-sockets@https://registry.npmjs.org/@miniflare/web-sockets/-/web-sockets-2.10.0.tgz. Extracting by manifest.
644 silly tarball no local data for @miniflare/storage-file@https://registry.npmjs.org/@miniflare/storage-file/-/storage-file-2.10.0.tgz. Extracting by manifest.
645 silly tarball no local data for @miniflare/sites@https://registry.npmjs.org/@miniflare/sites/-/sites-2.10.0.tgz. Extracting by manifest.
646 silly tarball no local data for @miniflare/scheduler@https://registry.npmjs.org/@miniflare/scheduler/-/scheduler-2.10.0.tgz. Extracting by manifest.
647 silly tarball no local data for @miniflare/runner-vm@https://registry.npmjs.org/@miniflare/runner-vm/-/runner-vm-2.10.0.tgz. Extracting by manifest.
648 silly tarball no local data for @miniflare/r2@https://registry.npmjs.org/@miniflare/r2/-/r2-2.10.0.tgz. Extracting by manifest.
649 silly tarball no local data for @miniflare/kv@https://registry.npmjs.org/@miniflare/kv/-/kv-2.10.0.tgz. Extracting by manifest.
650 silly tarball no local data for @miniflare/http-server@https://registry.npmjs.org/@miniflare/http-server/-/http-server-2.10.0.tgz. Extracting by manifest.
651 silly tarball no local data for @miniflare/html-rewriter@https://registry.npmjs.org/@miniflare/html-rewriter/-/html-rewriter-2.10.0.tgz. Extracting by manifest.
652 silly tarball no local data for @miniflare/cli-parser@https://registry.npmjs.org/@miniflare/cli-parser/-/cli-parser-2.10.0.tgz. Extracting by manifest.
653 silly tarball no local data for @miniflare/cache@https://registry.npmjs.org/@miniflare/cache/-/cache-2.10.0.tgz. Extracting by manifest.
654 silly tarball no local data for is-extglob@https://registry.npmjs.org/is-extglob/-/is-extglob-2.1.1.tgz. Extracting by manifest.
655 silly tarball no local data for binary-extensions@https://registry.npmjs.org/binary-extensions/-/binary-extensions-2.2.0.tgz. Extracting by manifest.
656 silly tarball no local data for to-regex-range@https://registry.npmjs.org/to-regex-range/-/to-regex-range-5.0.1.tgz. Extracting by manifest.
657 silly tarball no local data for esbuild-linux-64@https://registry.npmjs.org/esbuild-linux-64/-/esbuild-linux-64-0.14.51.tgz. Extracting by manifest.
658 silly tarball no local data for fill-range@https://registry.npmjs.org/fill-range/-/fill-range-7.0.1.tgz. Extracting by manifest.
659 silly tarball no local data for readdirp@https://registry.npmjs.org/readdirp/-/readdirp-3.6.0.tgz. Extracting by manifest.
660 silly tarball no local data for normalize-path@https://registry.npmjs.org/normalize-path/-/normalize-path-3.0.0.tgz. Extracting by manifest.
661 silly tarball no local data for is-glob@https://registry.npmjs.org/is-glob/-/is-glob-4.0.3.tgz. Extracting by manifest.
662 silly tarball no local data for is-binary-path@https://registry.npmjs.org/is-binary-path/-/is-binary-path-2.1.0.tgz. Extracting by manifest.
663 silly tarball no local data for glob-parent@https://registry.npmjs.org/glob-parent/-/glob-parent-5.1.2.tgz. Extracting by manifest.
664 silly tarball no local data for braces@https://registry.npmjs.org/braces/-/braces-3.0.2.tgz. Extracting by manifest.
665 silly tarball no local data for anymatch@https://registry.npmjs.org/anymatch/-/anymatch-3.1.2.tgz. Extracting by manifest.
666 silly tarball no local data for streamsearch@https://registry.npmjs.org/streamsearch/-/streamsearch-1.1.0.tgz. Extracting by manifest.
667 silly tarball no local data for @types/node@https://registry.npmjs.org/@types/node/-/node-18.11.9.tgz. Extracting by manifest.
668 silly tarball no local data for picomatch@https://registry.npmjs.org/picomatch/-/picomatch-2.3.1.tgz. Extracting by manifest.
669 silly tarball no local data for npx-import@https://registry.npmjs.org/npx-import/-/npx-import-1.1.4.tgz. Extracting by manifest.
670 silly tarball no local data for @types/better-sqlite3@https://registry.npmjs.org/@types/better-sqlite3/-/better-sqlite3-7.6.2.tgz. Extracting by manifest.
671 silly tarball no local data for @miniflare/storage-memory@https://registry.npmjs.org/@miniflare/storage-memory/-/storage-memory-2.10.0.tgz. Extracting by manifest.
672 silly tarball no local data for urlpattern-polyfill@https://registry.npmjs.org/urlpattern-polyfill/-/urlpattern-polyfill-4.0.3.tgz. Extracting by manifest.
673 silly tarball no local data for undici@https://registry.npmjs.org/undici/-/undici-5.9.1.tgz. Extracting by manifest.
674 silly tarball no local data for set-cookie-parser@https://registry.npmjs.org/set-cookie-parser/-/set-cookie-parser-2.5.1.tgz. Extracting by manifest.
675 silly tarball no local data for kleur@https://registry.npmjs.org/kleur/-/kleur-4.1.5.tgz. Extracting by manifest.
676 silly tarball no local data for dotenv@https://registry.npmjs.org/dotenv/-/dotenv-10.0.0.tgz. Extracting by manifest.
677 silly tarball no local data for busboy@https://registry.npmjs.org/busboy/-/busboy-1.6.0.tgz. Extracting by manifest.
678 silly tarball no local data for @miniflare/watcher@https://registry.npmjs.org/@miniflare/watcher/-/watcher-2.10.0.tgz. Extracting by manifest.
679 silly tarball no local data for @miniflare/shared@https://registry.npmjs.org/@miniflare/shared/-/shared-2.10.0.tgz. Extracting by manifest.
680 silly tarball no local data for @miniflare/queues@https://registry.npmjs.org/@miniflare/queues/-/queues-2.10.0.tgz. Extracting by manifest.
681 silly tarball no local data for @iarna/toml@https://registry.npmjs.org/@iarna/toml/-/toml-2.2.5.tgz. Extracting by manifest.
682 silly tarball no local data for rollup-plugin-node-polyfills@https://registry.npmjs.org/rollup-plugin-node-polyfills/-/rollup-plugin-node-polyfills-0.2.1.tgz. Extracting by manifest.
683 silly tarball no local data for escape-string-regexp@https://registry.npmjs.org/escape-string-regexp/-/escape-string-regexp-4.0.0.tgz. Extracting by manifest.
684 silly tarball no local data for mime@https://registry.npmjs.org/mime/-/mime-3.0.0.tgz. Extracting by manifest.
685 silly tarball no local data for xxhash-wasm@https://registry.npmjs.org/xxhash-wasm/-/xxhash-wasm-1.0.2.tgz. Extracting by manifest.
686 silly tarball no local data for source-map@https://registry.npmjs.org/source-map/-/source-map-0.7.4.tgz. Extracting by manifest.
687 silly tarball no local data for selfsigned@https://registry.npmjs.org/selfsigned/-/selfsigned-2.1.1.tgz. Extracting by manifest.
688 silly tarball no local data for path-to-regexp@https://registry.npmjs.org/path-to-regexp/-/path-to-regexp-6.2.1.tgz. Extracting by manifest.
689 silly tarball no local data for nanoid@https://registry.npmjs.org/nanoid/-/nanoid-3.3.4.tgz. Extracting by manifest.
690 silly tarball no local data for miniflare@https://registry.npmjs.org/miniflare/-/miniflare-2.10.0.tgz. Extracting by manifest.
691 silly tarball no local data for chokidar@https://registry.npmjs.org/chokidar/-/chokidar-3.5.3.tgz. Extracting by manifest.
692 silly tarball no local data for blake3-wasm@https://registry.npmjs.org/blake3-wasm/-/blake3-wasm-2.1.5.tgz. Extracting by manifest.
693 silly tarball no local data for @miniflare/durable-objects@https://registry.npmjs.org/@miniflare/durable-objects/-/durable-objects-2.10.0.tgz. Extracting by manifest.
694 silly tarball no local data for @miniflare/d1@https://registry.npmjs.org/@miniflare/d1/-/d1-2.10.0.tgz. Extracting by manifest.
695 silly tarball no local data for @miniflare/core@https://registry.npmjs.org/@miniflare/core/-/core-2.10.0.tgz. Extracting by manifest.
696 silly tarball no local data for @esbuild-plugins/node-modules-polyfill@https://registry.npmjs.org/@esbuild-plugins/node-modules-polyfill/-/node-modules-polyfill-0.1.4.tgz. Extracting by manifest.
697 silly tarball no local data for esbuild@https://registry.npmjs.org/esbuild/-/esbuild-0.14.51.tgz. Extracting by manifest.
698 silly tarball no local data for @esbuild-plugins/node-globals-polyfill@https://registry.npmjs.org/@esbuild-plugins/node-globals-polyfill/-/node-globals-polyfill-0.1.1.tgz. Extracting by manifest.
699 silly tarball no local data for @cloudflare/kv-asset-handler@https://registry.npmjs.org/@cloudflare/kv-asset-handler/-/kv-asset-handler-0.2.0.tgz. Extracting by manifest.
700 http fetch POST 200 https://registry.npmjs.org/-/npm/v1/security/advisories/bulk 292ms
701 timing auditReport:getReport Completed in 296ms
702 silly audit report {}
703 timing auditReport:init Completed in 0ms
704 timing reify:audit Completed in 297ms
705 http fetch GET 200 https://registry.npmjs.org/rollup-plugin-inject/-/rollup-plugin-inject-3.0.2.tgz 625ms (cache miss)
706 warn deprecated rollup-plugin-inject@3.0.2: This package has been deprecated and is no longer maintained. Please use @rollup/plugin-inject.
707 timing reifyNode:node_modules/wrangler/node_modules/rollup-plugin-inject Completed in 740ms
708 http fetch GET 200 https://registry.npmjs.org/which/-/which-2.0.2.tgz 625ms (cache miss)
709 timing reifyNode:node_modules/wrangler/node_modules/which Completed in 741ms
710 http fetch GET 200 https://registry.npmjs.org/signal-exit/-/signal-exit-3.0.7.tgz 620ms (cache miss)
711 timing reifyNode:node_modules/wrangler/node_modules/signal-exit Completed in 741ms
712 http fetch GET 200 https://registry.npmjs.org/get-stream/-/get-stream-6.0.1.tgz 615ms (cache miss)
713 timing reifyNode:node_modules/wrangler/node_modules/get-stream Completed in 747ms
714 http fetch GET 200 https://registry.npmjs.org/npm-run-path/-/npm-run-path-5.1.0.tgz 626ms (cache miss)
715 timing reifyNode:node_modules/wrangler/node_modules/npm-run-path Completed in 749ms
716 http fetch GET 200 https://registry.npmjs.org/cookie/-/cookie-0.4.2.tgz 678ms (cache miss)
717 timing reifyNode:node_modules/wrangler/node_modules/cookie Completed in 777ms
718 http fetch GET 200 https://registry.npmjs.org/is-number/-/is-number-7.0.0.tgz 673ms (cache miss)
719 timing reifyNode:node_modules/wrangler/node_modules/is-number Completed in 776ms
720 http fetch GET 200 https://registry.npmjs.org/isexe/-/isexe-2.0.0.tgz 675ms (cache miss)
721 timing reifyNode:node_modules/wrangler/node_modules/isexe Completed in 776ms
722 http fetch GET 200 https://registry.npmjs.org/shebang-regex/-/shebang-regex-3.0.0.tgz 672ms (cache miss)
723 timing reifyNode:node_modules/wrangler/node_modules/shebang-regex Completed in 777ms
724 http fetch GET 200 https://registry.npmjs.org/builtins/-/builtins-5.0.1.tgz 675ms (cache miss)
725 timing reifyNode:node_modules/wrangler/node_modules/builtins Completed in 777ms
726 http fetch GET 200 https://registry.npmjs.org/lru-cache/-/lru-cache-6.0.0.tgz 670ms (cache miss)
727 timing reifyNode:node_modules/wrangler/node_modules/lru-cache Completed in 777ms
728 http fetch GET 200 https://registry.npmjs.org/sourcemap-codec/-/sourcemap-codec-1.4.8.tgz 668ms (cache miss)
729 timing reifyNode:node_modules/wrangler/node_modules/sourcemap-codec Completed in 778ms
730 http fetch GET 200 https://registry.npmjs.org/yallist/-/yallist-4.0.0.tgz 678ms (cache miss)
731 timing reifyNode:node_modules/wrangler/node_modules/yallist Completed in 784ms
732 http fetch GET 200 https://registry.npmjs.org/estree-walker/-/estree-walker-0.6.1.tgz 671ms (cache miss)
733 timing reifyNode:node_modules/wrangler/node_modules/estree-walker Completed in 785ms
734 http fetch GET 200 https://registry.npmjs.org/path-key/-/path-key-3.1.1.tgz 667ms (cache miss)
735 timing reifyNode:node_modules/wrangler/node_modules/path-key Completed in 785ms
736 http fetch GET 200 https://registry.npmjs.org/onetime/-/onetime-6.0.0.tgz 663ms (cache miss)
737 timing reifyNode:node_modules/wrangler/node_modules/onetime Completed in 785ms
738 http fetch GET 200 https://registry.npmjs.org/shebang-command/-/shebang-command-2.0.0.tgz 669ms (cache miss)
739 timing reifyNode:node_modules/wrangler/node_modules/shebang-command Completed in 786ms
740 http fetch GET 200 https://registry.npmjs.org/@miniflare/html-rewriter/-/html-rewriter-2.10.0.tgz 625ms (cache miss)
741 timing reifyNode:node_modules/wrangler/node_modules/@miniflare/html-rewriter Completed in 786ms
742 http fetch GET 200 https://registry.npmjs.org/cross-spawn/-/cross-spawn-7.0.3.tgz 657ms (cache miss)
743 timing reifyNode:node_modules/wrangler/node_modules/cross-spawn Completed in 790ms
744 http fetch GET 200 https://registry.npmjs.org/validate-npm-package-name/-/validate-npm-package-name-4.0.0.tgz 657ms (cache miss)
745 timing reifyNode:node_modules/wrangler/node_modules/validate-npm-package-name Completed in 791ms
746 http fetch GET 200 https://registry.npmjs.org/merge-stream/-/merge-stream-2.0.0.tgz 662ms (cache miss)
747 timing reifyNode:node_modules/wrangler/node_modules/merge-stream Completed in 792ms
748 http fetch GET 200 https://registry.npmjs.org/normalize-path/-/normalize-path-3.0.0.tgz 632ms (cache miss)
749 timing reifyNode:node_modules/wrangler/node_modules/normalize-path Completed in 806ms
750 http fetch GET 200 https://registry.npmjs.org/source-map-support/-/source-map-support-0.5.21.tgz 667ms (cache miss)
751 timing reifyNode:node_modules/wrangler/node_modules/source-map-support Completed in 816ms
752 http fetch GET 200 https://registry.npmjs.org/stack-trace/-/stack-trace-0.0.10.tgz 729ms (cache miss)
753 timing reifyNode:node_modules/wrangler/node_modules/stack-trace Completed in 826ms
754 http fetch GET 200 https://registry.npmjs.org/buffer-from/-/buffer-from-1.1.2.tgz 721ms (cache miss)
755 timing reifyNode:node_modules/wrangler/node_modules/buffer-from Completed in 826ms
756 http fetch GET 200 https://registry.npmjs.org/human-signals/-/human-signals-3.0.1.tgz 694ms (cache miss)
757 timing reifyNode:node_modules/wrangler/node_modules/human-signals Completed in 825ms
758 http fetch GET 200 https://registry.npmjs.org/@types/stack-trace/-/stack-trace-0.0.29.tgz 726ms (cache miss)
759 timing reifyNode:node_modules/wrangler/node_modules/@types/stack-trace Completed in 827ms
760 http fetch GET 200 https://registry.npmjs.org/path-key/-/path-key-4.0.0.tgz 698ms (cache miss)
761 timing reifyNode:node_modules/wrangler/node_modules/npm-run-path/node_modules/path-key Completed in 827ms
762 http fetch GET 200 https://registry.npmjs.org/mimic-fn/-/mimic-fn-4.0.0.tgz 712ms (cache miss)
763 timing reifyNode:node_modules/wrangler/node_modules/mimic-fn Completed in 827ms
764 http fetch GET 200 https://registry.npmjs.org/execa/-/execa-6.1.0.tgz 684ms (cache miss)
765 timing reifyNode:node_modules/wrangler/node_modules/execa Completed in 827ms
766 http fetch GET 200 https://registry.npmjs.org/fill-range/-/fill-range-7.0.1.tgz 659ms (cache miss)
767 timing reifyNode:node_modules/wrangler/node_modules/fill-range Completed in 826ms
768 http fetch GET 200 https://registry.npmjs.org/is-extglob/-/is-extglob-2.1.1.tgz 665ms (cache miss)
769 timing reifyNode:node_modules/wrangler/node_modules/is-extglob Completed in 829ms
770 http fetch GET 200 https://registry.npmjs.org/strip-final-newline/-/strip-final-newline-3.0.0.tgz 717ms (cache miss)
771 timing reifyNode:node_modules/wrangler/node_modules/strip-final-newline Completed in 836ms
772 http fetch GET 200 https://registry.npmjs.org/is-stream/-/is-stream-3.0.0.tgz 706ms (cache miss)
773 timing reifyNode:node_modules/wrangler/node_modules/is-stream Completed in 837ms
774 http fetch GET 200 https://registry.npmjs.org/to-regex-range/-/to-regex-range-5.0.1.tgz 670ms (cache miss)
775 timing reifyNode:node_modules/wrangler/node_modules/to-regex-range Completed in 836ms
776 http fetch GET 200 https://registry.npmjs.org/readdirp/-/readdirp-3.6.0.tgz 663ms (cache miss)
777 timing reifyNode:node_modules/wrangler/node_modules/readdirp Completed in 836ms
778 http fetch GET 200 https://registry.npmjs.org/parse-package-name/-/parse-package-name-1.0.0.tgz 700ms (cache miss)
779 timing reifyNode:node_modules/wrangler/node_modules/parse-package-name Completed in 837ms
780 http fetch GET 200 https://registry.npmjs.org/cron-schedule/-/cron-schedule-3.0.6.tgz 694ms (cache miss)
781 http fetch GET 200 https://registry.npmjs.org/binary-extensions/-/binary-extensions-2.2.0.tgz 673ms (cache miss)
782 timing reifyNode:node_modules/wrangler/node_modules/binary-extensions Completed in 838ms
783 http fetch GET 200 https://registry.npmjs.org/ws/-/ws-8.11.0.tgz 696ms (cache miss)
784 http fetch GET 200 https://registry.npmjs.org/@miniflare/storage-file/-/storage-file-2.10.0.tgz 690ms (cache miss)
785 timing reifyNode:node_modules/wrangler/node_modules/@miniflare/storage-file Completed in 843ms
786 http fetch GET 200 https://registry.npmjs.org/http-cache-semantics/-/http-cache-semantics-4.1.0.tgz 700ms (cache miss)
787 timing reifyNode:node_modules/wrangler/node_modules/http-cache-semantics Completed in 848ms
788 http fetch GET 200 https://registry.npmjs.org/@miniflare/kv/-/kv-2.10.0.tgz 690ms (cache miss)
789 timing reifyNode:node_modules/wrangler/node_modules/@miniflare/kv Completed in 849ms
790 http fetch GET 200 https://registry.npmjs.org/rollup-pluginutils/-/rollup-pluginutils-2.8.2.tgz 744ms (cache miss)
791 timing reifyNode:node_modules/wrangler/node_modules/cron-schedule Completed in 854ms
792 http fetch GET 200 https://registry.npmjs.org/semiver/-/semiver-1.1.0.tgz 703ms (cache miss)
793 timing reifyNode:node_modules/wrangler/node_modules/semiver Completed in 854ms
794 http fetch GET 200 https://registry.npmjs.org/youch/-/youch-2.2.2.tgz 709ms (cache miss)
795 timing reifyNode:node_modules/wrangler/node_modules/youch Completed in 855ms
796 http fetch GET 200 https://registry.npmjs.org/is-glob/-/is-glob-4.0.3.tgz 678ms (cache miss)
797 timing reifyNode:node_modules/wrangler/node_modules/is-glob Completed in 854ms
798 http fetch GET 200 https://registry.npmjs.org/@miniflare/r2/-/r2-2.10.0.tgz 698ms (cache miss)
799 timing reifyNode:node_modules/wrangler/node_modules/@miniflare/r2 Completed in 856ms
800 timing reifyNode:node_modules/wrangler/node_modules/ws Completed in 859ms
801 http fetch GET 200 https://registry.npmjs.org/@miniflare/web-sockets/-/web-sockets-2.10.0.tgz 710ms (cache miss)
802 timing reifyNode:node_modules/wrangler/node_modules/@miniflare/web-sockets Completed in 863ms
803 http fetch GET 200 https://registry.npmjs.org/xxhash-wasm/-/xxhash-wasm-1.0.2.tgz 657ms (cache miss)
804 timing reifyNode:node_modules/wrangler/node_modules/rollup-pluginutils Completed in 868ms
805 http fetch GET 200 https://registry.npmjs.org/path-to-regexp/-/path-to-regexp-6.2.1.tgz 656ms (cache miss)
806 timing reifyNode:node_modules/wrangler/node_modules/path-to-regexp Completed in 866ms
807 http fetch GET 200 https://registry.npmjs.org/mustache/-/mustache-4.2.0.tgz 775ms (cache miss)
808 http fetch GET 200 https://registry.npmjs.org/picomatch/-/picomatch-2.3.1.tgz 688ms (cache miss)
809 timing reifyNode:node_modules/wrangler/node_modules/picomatch Completed in 871ms
810 http fetch GET 200 https://registry.npmjs.org/@miniflare/sites/-/sites-2.10.0.tgz 718ms (cache miss)
811 timing reifyNode:node_modules/wrangler/node_modules/@miniflare/sites Completed in 873ms
812 http fetch GET 200 https://registry.npmjs.org/glob-parent/-/glob-parent-5.1.2.tgz 694ms (cache miss)
813 timing reifyNode:node_modules/wrangler/node_modules/glob-parent Completed in 872ms
814 http fetch GET 200 https://registry.npmjs.org/@miniflare/runner-vm/-/runner-vm-2.10.0.tgz 717ms (cache miss)
815 timing reifyNode:node_modules/wrangler/node_modules/@miniflare/runner-vm Completed in 874ms
816 http fetch GET 200 https://registry.npmjs.org/chokidar/-/chokidar-3.5.3.tgz 665ms (cache miss)
817 timing reifyNode:node_modules/wrangler/node_modules/chokidar Completed in 878ms
818 http fetch GET 200 https://registry.npmjs.org/@miniflare/cli-parser/-/cli-parser-2.10.0.tgz 718ms (cache miss)
819 timing reifyNode:node_modules/wrangler/node_modules/@miniflare/cli-parser Completed in 880ms
820 http fetch GET 200 https://registry.npmjs.org/nanoid/-/nanoid-3.3.4.tgz 667ms (cache miss)
821 http fetch GET 200 https://registry.npmjs.org/is-binary-path/-/is-binary-path-2.1.0.tgz 704ms (cache miss)
822 timing reifyNode:node_modules/wrangler/node_modules/is-binary-path Completed in 882ms
823 http fetch GET 200 https://registry.npmjs.org/dotenv/-/dotenv-10.0.0.tgz 686ms (cache miss)
824 timing reifyNode:node_modules/wrangler/node_modules/dotenv Completed in 882ms
825 http fetch GET 200 https://registry.npmjs.org/@miniflare/scheduler/-/scheduler-2.10.0.tgz 728ms (cache miss)
826 timing reifyNode:node_modules/wrangler/node_modules/@miniflare/scheduler Completed in 884ms
827 http fetch GET 200 https://registry.npmjs.org/kleur/-/kleur-4.1.5.tgz 688ms (cache miss)
828 timing reifyNode:node_modules/wrangler/node_modules/kleur Completed in 883ms
829 http fetch GET 200 https://registry.npmjs.org/miniflare/-/miniflare-2.10.0.tgz 671ms (cache miss)
830 timing reifyNode:node_modules/wrangler/node_modules/miniflare Completed in 883ms
831 timing reifyNode:node_modules/wrangler/node_modules/mustache Completed in 889ms
832 http fetch GET 200 https://registry.npmjs.org/npx-import/-/npx-import-1.1.4.tgz 702ms (cache miss)
833 http fetch GET 200 https://registry.npmjs.org/set-cookie-parser/-/set-cookie-parser-2.5.1.tgz 692ms (cache miss)
834 timing reifyNode:node_modules/wrangler/node_modules/set-cookie-parser Completed in 887ms
835 timing reifyNode:node_modules/wrangler/node_modules/xxhash-wasm Completed in 886ms
836 http fetch GET 200 https://registry.npmjs.org/magic-string/-/magic-string-0.25.9.tgz 779ms (cache miss)
837 timing reifyNode:node_modules/wrangler/node_modules/magic-string Completed in 891ms
838 http fetch GET 200 https://registry.npmjs.org/anymatch/-/anymatch-3.1.2.tgz 710ms (cache miss)
839 timing reifyNode:node_modules/wrangler/node_modules/anymatch Completed in 890ms
840 timing reifyNode:node_modules/wrangler/node_modules/npx-import Completed in 891ms
841 http fetch GET 200 https://registry.npmjs.org/escape-string-regexp/-/escape-string-regexp-4.0.0.tgz 686ms (cache miss)
842 timing reifyNode:node_modules/wrangler/node_modules/escape-string-regexp Completed in 890ms
843 http fetch GET 200 https://registry.npmjs.org/streamsearch/-/streamsearch-1.1.0.tgz 711ms (cache miss)
844 timing reifyNode:node_modules/wrangler/node_modules/streamsearch Completed in 892ms
845 http fetch GET 200 https://registry.npmjs.org/braces/-/braces-3.0.2.tgz 715ms (cache miss)
846 timing reifyNode:node_modules/wrangler/node_modules/braces Completed in 894ms
847 http fetch GET 200 https://registry.npmjs.org/mime/-/mime-3.0.0.tgz 688ms (cache miss)
848 timing reifyNode:node_modules/wrangler/node_modules/mime Completed in 893ms
849 http fetch GET 200 https://registry.npmjs.org/selfsigned/-/selfsigned-2.1.1.tgz 685ms (cache miss)
850 timing reifyNode:node_modules/wrangler/node_modules/selfsigned Completed in 894ms
851 http fetch GET 200 https://registry.npmjs.org/@miniflare/http-server/-/http-server-2.10.0.tgz 739ms (cache miss)
852 timing reifyNode:node_modules/wrangler/node_modules/@miniflare/http-server Completed in 899ms
853 http fetch GET 200 https://registry.npmjs.org/@types/better-sqlite3/-/better-sqlite3-7.6.2.tgz 716ms (cache miss)
854 timing reifyNode:node_modules/wrangler/node_modules/@types/better-sqlite3 Completed in 902ms
855 http fetch GET 200 https://registry.npmjs.org/@iarna/toml/-/toml-2.2.5.tgz 701ms (cache miss)
856 http fetch GET 200 https://registry.npmjs.org/urlpattern-polyfill/-/urlpattern-polyfill-4.0.3.tgz 712ms (cache miss)
857 timing reifyNode:node_modules/wrangler/node_modules/urlpattern-polyfill Completed in 905ms
858 http fetch GET 200 https://registry.npmjs.org/@miniflare/storage-memory/-/storage-memory-2.10.0.tgz 715ms (cache miss)
859 timing reifyNode:node_modules/wrangler/node_modules/@miniflare/storage-memory Completed in 906ms
860 http fetch GET 200 https://registry.npmjs.org/@esbuild-plugins/node-modules-polyfill/-/node-modules-polyfill-0.1.4.tgz 682ms (cache miss)
861 timing reifyNode:node_modules/wrangler/node_modules/@iarna/toml Completed in 910ms
862 http fetch GET 200 https://registry.npmjs.org/source-map/-/source-map-0.7.4.tgz 707ms (cache miss)
863 timing reifyNode:node_modules/wrangler/node_modules/nanoid Completed in 915ms
864 http fetch GET 200 https://registry.npmjs.org/@miniflare/cache/-/cache-2.10.0.tgz 756ms (cache miss)
865 timing reifyNode:node_modules/wrangler/node_modules/@miniflare/cache Completed in 919ms
866 timing reifyNode:node_modules/wrangler/node_modules/source-map Completed in 920ms
867 http fetch GET 200 https://registry.npmjs.org/@miniflare/d1/-/d1-2.10.0.tgz 698ms (cache miss)
868 timing reifyNode:node_modules/wrangler/node_modules/@miniflare/d1 Completed in 921ms
869 http fetch GET 200 https://registry.npmjs.org/esbuild/-/esbuild-0.14.51.tgz 697ms (cache miss)
870 timing reifyNode:node_modules/wrangler/node_modules/esbuild Completed in 923ms
871 http fetch GET 200 https://registry.npmjs.org/@esbuild-plugins/node-globals-polyfill/-/node-globals-polyfill-0.1.1.tgz 703ms (cache miss)
872 http fetch GET 200 https://registry.npmjs.org/busboy/-/busboy-1.6.0.tgz 735ms (cache miss)
873 timing reifyNode:node_modules/wrangler/node_modules/@esbuild-plugins/node-globals-polyfill Completed in 937ms
874 http fetch GET 200 https://registry.npmjs.org/@miniflare/durable-objects/-/durable-objects-2.10.0.tgz 717ms (cache miss)
875 timing reifyNode:node_modules/wrangler/node_modules/@miniflare/durable-objects Completed in 939ms
876 http fetch GET 200 https://registry.npmjs.org/@miniflare/queues/-/queues-2.10.0.tgz 740ms (cache miss)
877 timing reifyNode:node_modules/wrangler/node_modules/@miniflare/queues Completed in 940ms
878 http fetch GET 200 https://registry.npmjs.org/semver/-/semver-7.3.8.tgz 808ms (cache miss)
879 timing reifyNode:node_modules/wrangler/node_modules/busboy Completed in 941ms
880 timing reifyNode:node_modules/wrangler/node_modules/semver Completed in 946ms
881 timing reifyNode:node_modules/wrangler/node_modules/@esbuild-plugins/node-modules-polyfill Completed in 943ms
882 http fetch GET 200 https://registry.npmjs.org/@miniflare/core/-/core-2.10.0.tgz 721ms (cache miss)
883 timing reifyNode:node_modules/wrangler/node_modules/@miniflare/core Completed in 946ms
884 http fetch GET 200 https://registry.npmjs.org/@miniflare/watcher/-/watcher-2.10.0.tgz 753ms (cache miss)
885 timing reifyNode:node_modules/wrangler/node_modules/@miniflare/watcher Completed in 951ms
886 http fetch GET 200 https://registry.npmjs.org/@cloudflare/kv-asset-handler/-/kv-asset-handler-0.2.0.tgz 740ms (cache miss)
887 timing reifyNode:node_modules/wrangler/node_modules/@cloudflare/kv-asset-handler Completed in 970ms
888 http fetch GET 200 https://registry.npmjs.org/source-map/-/source-map-0.6.1.tgz 846ms (cache miss)
889 timing reifyNode:node_modules/wrangler/node_modules/source-map-support/node_modules/source-map Completed in 996ms
890 http fetch GET 200 https://registry.npmjs.org/html-rewriter-wasm/-/html-rewriter-wasm-0.4.1.tgz 850ms (cache miss)
891 timing reifyNode:node_modules/wrangler/node_modules/html-rewriter-wasm Completed in 997ms
892 http fetch GET 200 https://registry.npmjs.org/@miniflare/shared/-/shared-2.10.0.tgz 855ms (cache miss)
893 timing reifyNode:node_modules/wrangler/node_modules/@miniflare/shared Completed in 1054ms
894 http fetch GET 200 https://registry.npmjs.org/rollup-plugin-node-polyfills/-/rollup-plugin-node-polyfills-0.2.1.tgz 890ms (cache miss)
895 timing reifyNode:node_modules/wrangler/node_modules/rollup-plugin-node-polyfills Completed in 1094ms
896 http fetch GET 200 https://registry.npmjs.org/node-forge/-/node-forge-1.3.1.tgz 993ms (cache miss)
897 timing reifyNode:node_modules/wrangler/node_modules/node-forge Completed in 1102ms
898 http fetch GET 200 https://registry.npmjs.org/undici/-/undici-5.9.1.tgz 945ms (cache miss)
899 timing reifyNode:node_modules/wrangler/node_modules/undici Completed in 1139ms
900 http fetch GET 200 https://registry.npmjs.org/blake3-wasm/-/blake3-wasm-2.1.5.tgz 963ms (cache miss)
901 timing reifyNode:node_modules/wrangler/node_modules/blake3-wasm Completed in 1177ms
902 http fetch GET 200 https://registry.npmjs.org/@types/node/-/node-18.11.9.tgz 1030ms (cache miss)
903 timing reifyNode:node_modules/wrangler/node_modules/@types/node Completed in 1212ms
904 http fetch GET 200 https://registry.npmjs.org/esbuild-linux-64/-/esbuild-linux-64-0.14.51.tgz 1123ms (cache miss)
905 timing reifyNode:node_modules/wrangler/node_modules/esbuild-linux-64 Completed in 1289ms
906 http fetch GET 200 https://registry.npmjs.org/wrangler/-/wrangler-2.3.0.tgz 1233ms (cache miss)
907 timing reifyNode:node_modules/wrangler Completed in 1330ms
908 timing reify:unpack Completed in 1330ms
909 timing reify:unretire Completed in 0ms
910 timing build:queue Completed in 11ms
911 timing build:link:node_modules/wrangler Completed in 3ms
912 timing build:link:node_modules/wrangler/node_modules/esbuild Completed in 3ms
913 timing build:link:node_modules/wrangler/node_modules/mime Completed in 3ms
914 timing build:link:node_modules/wrangler/node_modules/miniflare Completed in 4ms
915 timing build:link:node_modules/wrangler/node_modules/mustache Completed in 4ms
916 timing build:link:node_modules/wrangler/node_modules/nanoid Completed in 3ms
917 timing build:link:node_modules/wrangler/node_modules/semver Completed in 3ms
918 timing build:link:node_modules/wrangler/node_modules/which Completed in 3ms
919 timing build:link Completed in 5ms
920 info run esbuild@0.14.51 postinstall node_modules/wrangler/node_modules/esbuild node install.js
921 info run esbuild@0.14.51 postinstall { code: 0, signal: null }
922 timing build:run:postinstall:node_modules/wrangler/node_modules/esbuild Completed in 87ms
923 timing build:run:postinstall Completed in 87ms
924 timing build:deps Completed in 104ms
925 timing build Completed in 104ms
926 timing reify:build Completed in 105ms
927 timing reify:trash Completed in 3ms
928 timing reify Completed in 6025ms
929 silly ADD node_modules/wrangler
930 silly ADD node_modules/wrangler/node_modules/stack-trace
931 silly ADD node_modules/wrangler/node_modules/mustache
932 silly ADD node_modules/wrangler/node_modules/cookie
933 silly ADD node_modules/wrangler/node_modules/@types/stack-trace
934 silly ADD node_modules/wrangler/node_modules/isexe
935 silly ADD node_modules/wrangler/node_modules/builtins
936 silly ADD node_modules/wrangler/node_modules/is-number
937 silly ADD node_modules/wrangler/node_modules/buffer-from
938 silly ADD node_modules/wrangler/node_modules/shebang-regex
939 silly ADD node_modules/wrangler/node_modules/yallist
940 silly ADD node_modules/wrangler/node_modules/lru-cache
941 silly ADD node_modules/wrangler/node_modules/node-forge
942 silly ADD node_modules/wrangler/node_modules/sourcemap-codec
943 silly ADD node_modules/wrangler/node_modules/rollup-pluginutils
944 silly ADD node_modules/wrangler/node_modules/magic-string
945 silly ADD node_modules/wrangler/node_modules/estree-walker
946 silly ADD node_modules/wrangler/node_modules/rollup-plugin-inject
947 silly ADD node_modules/wrangler/node_modules/mimic-fn
948 silly ADD node_modules/wrangler/node_modules/which
949 silly ADD node_modules/wrangler/node_modules/shebang-command
950 silly ADD node_modules/wrangler/node_modules/path-key
951 silly ADD node_modules/wrangler/node_modules/strip-final-newline
952 silly ADD node_modules/wrangler/node_modules/signal-exit
953 silly ADD node_modules/wrangler/node_modules/onetime
954 silly ADD node_modules/wrangler/node_modules/npm-run-path
955 silly ADD node_modules/wrangler/node_modules/npm-run-path/node_modules/path-key
956 silly ADD node_modules/wrangler/node_modules/merge-stream
957 silly ADD node_modules/wrangler/node_modules/is-stream
958 silly ADD node_modules/wrangler/node_modules/human-signals
959 silly ADD node_modules/wrangler/node_modules/get-stream
960 silly ADD node_modules/wrangler/node_modules/cross-spawn
961 silly ADD node_modules/wrangler/node_modules/validate-npm-package-name
962 silly ADD node_modules/wrangler/node_modules/semver
963 silly ADD node_modules/wrangler/node_modules/parse-package-name
964 silly ADD node_modules/wrangler/node_modules/execa
965 silly ADD node_modules/wrangler/node_modules/cron-schedule
966 silly ADD node_modules/wrangler/node_modules/youch
967 silly ADD node_modules/wrangler/node_modules/ws
968 silly ADD node_modules/wrangler/node_modules/html-rewriter-wasm
969 silly ADD node_modules/wrangler/node_modules/http-cache-semantics
970 silly ADD node_modules/wrangler/node_modules/source-map-support
971 silly ADD node_modules/wrangler/node_modules/source-map-support/node_modules/source-map
972 silly ADD node_modules/wrangler/node_modules/semiver
973 silly ADD node_modules/wrangler/node_modules/@miniflare/web-sockets
974 silly ADD node_modules/wrangler/node_modules/@miniflare/storage-file
975 silly ADD node_modules/wrangler/node_modules/@miniflare/sites
976 silly ADD node_modules/wrangler/node_modules/@miniflare/scheduler
977 silly ADD node_modules/wrangler/node_modules/@miniflare/runner-vm
978 silly ADD node_modules/wrangler/node_modules/@miniflare/r2
979 silly ADD node_modules/wrangler/node_modules/@miniflare/kv
980 silly ADD node_modules/wrangler/node_modules/@miniflare/http-server
981 silly ADD node_modules/wrangler/node_modules/@miniflare/html-rewriter
982 silly ADD node_modules/wrangler/node_modules/@miniflare/cli-parser
983 silly ADD node_modules/wrangler/node_modules/@miniflare/cache
984 silly ADD node_modules/wrangler/node_modules/is-extglob
985 silly ADD node_modules/wrangler/node_modules/binary-extensions
986 silly ADD node_modules/wrangler/node_modules/to-regex-range
987 silly ADD
988 silly ADD
989 silly ADD
990 silly ADD
991 silly ADD
992 silly ADD
993 silly ADD
994 silly ADD
995 silly ADD
996 silly ADD
997 silly ADD
998 silly ADD
999 silly ADD node_modules/wrangler/node_modules/esbuild-linux-64
1000 silly ADD
1001 silly ADD
1002 silly ADD
1003 silly ADD
1004 silly ADD
1005 silly ADD
1006 silly ADD
1007 silly ADD node_modules/wrangler/node_modules/fill-range
1008 silly ADD node_modules/wrangler/node_modules/readdirp
1009 silly ADD node_modules/wrangler/node_modules/normalize-path
1010 silly ADD node_modules/wrangler/node_modules/is-glob
1011 silly ADD node_modules/wrangler/node_modules/is-binary-path
1012 silly ADD node_modules/wrangler/node_modules/glob-parent
1013 silly ADD node_modules/wrangler/node_modules/braces
1014 silly ADD node_modules/wrangler/node_modules/anymatch
1015 silly ADD node_modules/wrangler/node_modules/streamsearch
1016 silly ADD node_modules/wrangler/node_modules/@types/node
1017 silly ADD node_modules/wrangler/node_modules/picomatch
1018 silly ADD node_modules/wrangler/node_modules/npx-import
1019 silly ADD node_modules/wrangler/node_modules/@types/better-sqlite3
1020 silly ADD node_modules/wrangler/node_modules/@miniflare/storage-memory
1021 silly ADD node_modules/wrangler/node_modules/urlpattern-polyfill
1022 silly ADD node_modules/wrangler/node_modules/undici
1023 silly ADD node_modules/wrangler/node_modules/set-cookie-parser
1024 silly ADD node_modules/wrangler/node_modules/kleur
1025 silly ADD node_modules/wrangler/node_modules/dotenv
1026 silly ADD node_modules/wrangler/node_modules/busboy
1027 silly ADD node_modules/wrangler/node_modules/@miniflare/watcher
1028 silly ADD node_modules/wrangler/node_modules/@miniflare/shared
1029 silly ADD node_modules/wrangler/node_modules/@miniflare/queues
1030 silly ADD node_modules/wrangler/node_modules/@iarna/toml
1031 silly ADD node_modules/wrangler/node_modules/rollup-plugin-node-polyfills
1032 silly ADD node_modules/wrangler/node_modules/escape-string-regexp
1033 silly ADD node_modules/wrangler/node_modules/mime
1034 silly ADD node_modules/wrangler/node_modules/xxhash-wasm
1035 silly ADD node_modules/wrangler/node_modules/source-map
1036 silly ADD node_modules/wrangler/node_modules/selfsigned
1037 silly ADD node_modules/wrangler/node_modules/path-to-regexp
1038 silly ADD node_modules/wrangler/node_modules/nanoid
1039 silly ADD node_modules/wrangler/node_modules/miniflare
1040 silly ADD
1041 silly ADD node_modules/wrangler/node_modules/chokidar
1042 silly ADD node_modules/wrangler/node_modules/blake3-wasm
1043 silly ADD node_modules/wrangler/node_modules/@miniflare/durable-objects
1044 silly ADD node_modules/wrangler/node_modules/@miniflare/d1
1045 silly ADD node_modules/wrangler/node_modules/@miniflare/core
1046 silly ADD node_modules/wrangler/node_modules/@esbuild-plugins/node-modules-polyfill
1047 silly ADD node_modules/wrangler/node_modules/esbuild
1048 silly ADD node_modules/wrangler/node_modules/@esbuild-plugins/node-globals-polyfill
1049 silly ADD node_modules/wrangler/node_modules/@cloudflare/kv-asset-handler
1050 timing command:i Completed in 6033ms
1051 verbose exit 0
1052 timing npm Completed in 6523ms
1053 info ok
